number,value,datetime_start,datetime_complete,duration,params_l1,params_l2,params_lr,system_attrs_fixed_params,state
0,0.9683031696830317,2026-10-04 20:22:25.245326,2026-10-04 20:22:29.405750,0 days 00:00:04.160424,1e-07,1e-05,0.05,"{'lr': 0.05, 'l2': 1e-05, 'l1': 1e-07}",COMPLETE
1,0.958004199580042,2026-10-04 20:22:29.740802,2026-10-04 20:22:33.669789,0 days 00:00:03.928987,4.570563099801454e-06,0.005061576888752304,0.028057582076672527,,COMPLETE
2,0.9711028897110289,2026-10-04 20:22:34.030523,2026-10-04 20:22:37.937986,0 days 00:00:03.907463,6.0252157362038635e-09,8.632008168602522e-08,0.07875660249889861,,COMPLETE
3,0.9336066393360664,2026-10-04 20:22:38.262386,2026-10-04 20:22:42.636094,0 days 00:00:04.373708,1.0129197956845748e-06,0.0015741890047456662,0.00653336961902664,,COMPLETE
4,0.9744025597440256,2026-10-04 20:22:43.004944,2026-10-04 20:22:47.012543,0 days 00:00:04.007599,7.072114131472238e-05,1.328944872286916e-08,0.1303512379185383,,COMPLETE
5,0.9751024897510249,2026-10-04 20:22:47.334415,2026-10-04 20:22:51.454260,0 days 00:00:04.119845,8.111941985431926e-09,1.879466824163843e-07,0.2311294500510414,,COMPLETE
6,0.9231076892310769,2026-10-04 20:22:51.787682,2026-10-04 20:22:53.415530,0 days 00:00:01.627848,4.2051564509138706e-07,6.690421166498788e-07,0.011635338541918906,,PRUNED
7,0.9459054094590541,2026-10-04 20:22:53.736229,2026-10-04 20:22:55.383378,0 days 00:00:01.647149,1.146210740342504e-06,5.589524205217922e-07,0.03654769917956455,,PRUNED
8,0.9176082391760824,2026-10-04 20:22:55.711312,2026-10-04 20:22:57.332787,0 days 00:00:01.621475,6.789053271698485e-08,5.660670699258882e-07,0.009505122659935179,,PRUNED
9,0.9481051894810519,2026-10-04 20:22:57.700658,2026-10-04 20:22:59.951153,0 days 00:00:02.250495,9.962513222055125e-09,0.0005141096648805752,0.040842279473800806,,PRUNED
10,0.9514048595140486,2026-10-04 20:23:00.298363,2026-10-04 20:23:01.955177,0 days 00:00:01.656814,1.0907785690006127e-09,5.488065357019443e-05,0.4518165681587254,,PRUNED
11,0.9748025197480252,2026-10-04 20:23:02.284732,2026-10-04 20:23:06.149172,0 days 00:00:03.864440,3.454013068456229e-05,1.1189678033550189e-08,0.22731977475965648,,COMPLETE
