number,value,datetime_start,datetime_complete,duration,params_l1,params_l2,params_lr,params_rho,system_attrs_fixed_params,state
0,0.9762023797620238,2026-10-04 20:27:45.227271,2026-10-04 20:27:50.107246,0 days 00:00:04.879975,1e-07,1e-05,0.001,0.9,"{'lr': 0.001, 'l2': 1e-05, 'l1': 1e-07, 'rho': 0.9}",COMPLETE
1,0.9675032496750325,2026-10-04 20:27:50.439544,2026-10-04 20:27:55.019685,0 days 00:00:04.580141,4.570563099801454e-06,0.005061576888752304,0.0005611516415334506,0.9167384044184221,,COMPLETE
2,0.9706029397060294,2026-10-04 20:27:55.367753,2026-10-04 20:28:00.067131,0 days 00:00:04.699378,1.9517224641449526e-09,8.62913219007185e-08,0.0002051338263087451,0.9689043484261124,,COMPLETE
3,0.9741025897410259,2026-10-04 20:28:00.422461,2026-10-04 20:28:05.187853,0 days 00:00:04.765392,1.2674255898937224e-09,0.00017718847354806813,0.0015930522616241021,0.9891324211715888,,COMPLETE
4,0.9594040595940406,2026-10-04 20:28:05.515370,2026-10-04 20:28:07.370174,0 days 00:00:01.854804,8.111941985431926e-09,1.879466824163843e-07,0.004622589001020831,0.8357638794214196,,PRUNED
5,0.9598040195980402,2026-10-04 20:28:07.702189,2026-10-04 20:28:09.669888,0 days 00:00:01.967699,1.4445251022763057e-07,1.4077923139972383e-05,0.0004059611610484307,0.8567896823386182,,PRUNED
6,0.9752024797520248,2026-10-04 20:28:10.010638,2026-10-04 20:28:14.707000,0 days 00:00:04.696362,2.8888383623653223e-08,6.870101665590006e-08,0.0016738085788752138,0.87144055944227,,COMPLETE
7,0.9773022697730227,2026-10-04 20:28:15.053950,2026-10-04 20:28:19.594530,0 days 00:00:04.540580,9.962513222055125e-09,0.0005141096648805752,0.000816845589476017,0.9002757154906543,,COMPLETE
8,0.9759024097590241,2026-10-04 20:28:19.942212,2026-10-04 20:28:24.269569,0 days 00:00:04.327357,1.0907475835157712e-06,1.8997763474111273e-08,0.0015304852121831463,0.8332522041190219,,COMPLETE
9,0.9419058094190581,2026-10-04 20:28:24.621905,2026-10-04 20:28:26.497747,0 days 00:00:01.875842,6.732248920775341e-05,0.004935296209402108,0.00013492834268013249,0.9576374828827099,,PRUNED
10,0.9483051694830517,2026-10-04 20:28:26.851265,2026-10-04 20:28:28.660305,0 days 00:00:01.809040,1.4128769873108734e-08,0.00021538517272483987,0.007767353816237056,0.8035025657448899,,PRUNED
11,0.9664033596640336,2026-10-04 20:28:29.022556,2026-10-04 20:28:30.999837,0 days 00:00:01.977281,1.2994411782671267e-07,3.0608312586340182e-06,0.0006228997444898865,0.904988983151513,,PRUNED
