number,value,datetime_start,datetime_complete,duration,params_bias,params_l1,params_l2,params_lr,system_attrs_fixed_params,state
0,0.9772022797720228,2026-10-04 20:52:05.774275,2026-10-04 20:52:12.575533,0 days 00:00:06.801258,0.1,1e-07,1e-05,0.05,"{'lr': 0.05, 'l2': 1e-05, 'l1': 1e-07, 'bias': 0.1}",COMPLETE
1,0.9706029397060294,2026-10-04 20:52:12.992464,2026-10-04 20:52:19.831514,0 days 00:00:06.839050,0.2993292420985183,4.570563099801454e-06,0.005061576888752304,0.028057582076672527,,COMPLETE
2,0.9744025597440256,2026-10-04 20:52:20.211057,2026-10-04 20:52:27.323306,0 days 00:00:07.112249,0.4330880728874676,1.9517224641449526e-09,8.62913219007185e-08,0.01025669131543725,,COMPLETE
3,0.9703029697030296,2026-10-04 20:52:27.754862,2026-10-04 20:52:34.572057,0 days 00:00:06.817195,0.48495492608099716,1.2674255898937224e-09,0.00017718847354806813,0.07965261308120507,,COMPLETE
4,0.11228877112288771,2026-10-04 20:52:34.953222,2026-10-04 20:52:37.973486,0 days 00:00:03.020264,0.09170225492671691,8.111941985431926e-09,1.879466824163843e-07,0.2311294500510414,,PRUNED
5,0.9759024097590241,2026-10-04 20:52:38.393673,2026-10-04 20:52:44.965375,0 days 00:00:06.571702,0.14561457009902096,1.4445251022763057e-07,1.4077923139972383e-05,0.020298058052421523,,COMPLETE
6,0.97000299970003,2026-10-04 20:52:45.398390,2026-10-04 20:52:50.958350,0 days 00:00:05.559960,0.18318092164684585,2.8888383623653223e-08,6.870101665590006e-08,0.08369042894376064,,PRUNED
7,0.9778022197780222,2026-10-04 20:52:51.338811,2026-10-04 20:52:58.170576,0 days 00:00:06.831765,0.2571172192068058,9.962513222055125e-09,0.0005141096648805752,0.040842279473800806,,COMPLETE
8,0.9587041295870413,2026-10-04 20:52:58.581999,2026-10-04 20:53:01.270893,0 days 00:00:02.688894,0.08526206184364576,1.0907475835157712e-06,1.8997763474111273e-08,0.0765242606091573,,PRUNED
9,0.9516048395160484,2026-10-04 20:53:01.704352,2026-10-04 20:53:04.412901,0 days 00:00:02.708549,0.40419867405823057,6.732248920775341e-05,0.004935296209402108,0.006746417134006626,,PRUNED
10,,2026-10-04 20:53:04.849959,2026-10-04 20:53:06.303541,0 days 00:00:01.453582,0.2878645938006458,1.4128769873108734e-08,0.00021538517272483987,0.38836769081185185,,PRUNED
11,0.9625037496250375,2026-10-04 20:53:06.747047,2026-10-04 20:53:09.544762,0 days 00:00:02.797715,0.006276584242214042,1.2994411782671267e-07,3.0608312586340182e-06,0.03114498722449431,,PRUNED
