number,value,datetime_start,datetime_complete,duration,params_k,params_l1,params_l2,params_lr,params_std,system_attrs_fixed_params,state
0,0.9742025797420258,2026-10-04 20:45:40.168823,2026-10-04 20:45:45.069801,0 days 00:00:04.900978,15,1e-07,1e-05,0.05,0.5,"{'lr': 0.05, 'l2': 1e-05, 'l1': 1e-07, 'k': 15, 'std': 0.5}",COMPLETE
1,0.9701029897010299,2026-10-04 20:45:45.565260,2026-10-04 20:45:52.743373,0 days 00:00:07.178113,17,4.570563099801454e-06,0.005061576888752304,0.028057582076672527,0.08890398459575591,,COMPLETE
2,0.9641035896410359,2026-10-04 20:45:53.116500,2026-10-04 20:46:00.984338,0 days 00:00:07.867838,18,2.142302175774106e-05,2.2310108018679158e-08,0.010255552094216988,0.6813099824138593,,COMPLETE
3,0.9417058294170583,2026-10-04 20:46:01.415433,2026-10-04 20:46:08.761657,0 days 00:00:07.346224,5,1.4528246637516043e-05,0.006598711072054081,0.005497167787383101,0.09778325945801387,,COMPLETE
4,0.9744025597440256,2026-10-04 20:46:09.167434,2026-10-04 20:46:16.826153,0 days 00:00:07.658719,10,4.2051564509138706e-07,6.690421166498788e-07,0.011635338541918906,0.14639847680621745,,COMPLETE
5,0.9769023097690231,2026-10-04 20:46:17.216041,2026-10-04 20:46:23.931610,0 days 00:00:06.715569,8,2.8888383623653223e-08,6.870101665590006e-08,0.08369042894376064,0.2689189948444277,,COMPLETE
6,0.9445055494450555,2026-10-04 20:46:24.373115,2026-10-04 20:46:27.439057,0 days 00:00:03.065942,17,3.725393839578888e-07,1.577766363058244e-07,0.18591820902866033,0.05934530307791969,,PRUNED
7,,2026-10-04 20:46:27.822894,2026-10-04 20:46:27.995181,0 days 00:00:00.172287,55,2.1147447960615697e-09,1.0547383621352015e-07,0.08204643365323959,1.7618561667189319,,PRUNED
8,0.9271072892710729,2026-10-04 20:46:28.408376,2026-10-04 20:46:31.096901,0 days 00:00:02.688525,23,3.078651783619621e-09,6.724850206557239e-07,0.20690200562805067,0.25358333235759634,,PRUNED
9,0.9734026597340266,2026-10-04 20:46:31.538475,2026-10-04 20:46:38.380039,0 days 00:00:06.841564,48,1.4857392806279254e-09,9.355380606452177e-06,0.008770946743725395,0.12988262560967653,,COMPLETE
10,0.11238876112388761,2026-10-04 20:46:38.776949,2026-10-04 20:46:41.601128,0 days 00:00:02.824179,3,3.455183023853754e-08,7.293169423146497e-05,0.4077047066560713,1.3117303958242799,,PRUNED
11,0.9756024397560243,2026-10-04 20:46:41.988794,2026-10-04 20:46:48.960709,0 days 00:00:06.971915,7,9.90555257959056e-07,1.4861036408534595e-06,0.02436155986143568,0.20282373465875506,,COMPLETE
