number,value,datetime_start,datetime_complete,duration,params_lr,params_sigma,system_attrs_fixed_params,state
0,0.9765023497650235,2026-10-04 17:26:54.710514,2026-10-04 17:27:00.871352,0 days 00:00:06.160838,0.05,0.01,"{'lr': 0.05, 'sigma': 0.01}",COMPLETE
1,0.973002699730027,2026-10-04 17:27:01.216852,2026-10-04 17:27:07.228506,0 days 00:00:06.011654,0.028057582076672527,0.04123206532618727,,COMPLETE
2,0.9615038496150385,2026-10-04 17:27:07.584929,2026-10-04 17:27:13.794023,0 days 00:00:06.209094,0.14553179565665345,0.010401663679887312,,COMPLETE
3,0.9731026897310269,2026-10-04 17:27:14.156111,2026-10-04 17:27:20.077426,0 days 00:00:05.921315,0.01025669131543725,0.0018408992080552514,,COMPLETE
4,0.9501049895010499,2026-10-04 17:27:20.436751,2026-10-04 17:27:23.057851,0 days 00:00:02.621100,0.00653336961902664,0.029621516588303493,,PRUNED
5,0.9714028597140286,2026-10-04 17:27:23.412563,2026-10-04 17:27:29.418797,0 days 00:00:06.006234,0.07965261308120507,0.01595857358814127,,PRUNED
6,0.9381061893810619,2026-10-04 17:27:29.758500,2026-10-04 17:27:32.349264,0 days 00:00:02.590764,0.005497167787383101,0.044447541666908126,,PRUNED
7,0.11238876112388761,2026-10-04 17:27:32.698429,2026-10-04 17:27:35.143110,0 days 00:00:02.444681,0.2311294500510414,0.002294868368113055,,PRUNED
8,0.9591040895910409,2026-10-04 17:27:35.492488,2026-10-04 17:27:37.998296,0 days 00:00:02.505808,0.011551009439226469,0.002049268011541736,,PRUNED
9,0.9759024097590241,2026-10-04 17:27:38.361124,2026-10-04 17:27:44.635034,0 days 00:00:06.273910,0.020298058052421523,0.0077901431262762414,,COMPLETE
10,0.13738626137386262,2026-10-04 17:27:44.995848,2026-10-04 17:27:47.512294,0 days 00:00:02.516446,0.38836769081185185,0.004149181255380518,,PRUNED
11,0.978002199780022,2026-10-04 17:27:47.856883,2026-10-04 17:27:53.990675,0 days 00:00:06.133792,0.03158984719834987,0.005877307534804903,,COMPLETE
