number,value,datetime_start,datetime_complete,duration,params_gain,params_l1,params_l2,params_lr,system_attrs_fixed_params,state
0,0.9764023597640236,2026-10-04 20:43:24.109966,2026-10-04 20:43:28.977815,0 days 00:00:04.867849,1.4142135623730951,1e-07,1e-05,0.05,"{'lr': 0.05, 'l2': 1e-05, 'l1': 1e-07, 'gain': 1.4142135623730951}",COMPLETE
1,0.9705029497050295,2026-10-04 20:43:29.361021,2026-10-04 20:43:33.851215,0 days 00:00:04.490194,1.9966462104925915,4.570563099801454e-06,0.005061576888752304,0.028057582076672527,,COMPLETE
2,0.9631036896310369,2026-10-04 20:43:34.204596,2026-10-04 20:43:38.825099,0 days 00:00:04.620503,2.665440364437338,1.9517224641449526e-09,8.62913219007185e-08,0.01025669131543725,,COMPLETE
3,0.9513048695130487,2026-10-04 20:43:39.166108,2026-10-04 20:43:43.634003,0 days 00:00:04.467895,2.9247746304049858,1.2674255898937224e-09,0.00017718847354806813,0.07965261308120507,,COMPLETE
4,0.9304069593040696,2026-10-04 20:43:43.980379,2026-10-04 20:43:45.887060,0 days 00:00:01.906681,0.9585112746335845,8.111941985431926e-09,1.879466824163843e-07,0.2311294500510414,,PRUNED
5,0.9761023897610239,2026-10-04 20:43:46.265439,2026-10-04 20:43:51.176127,0 days 00:00:04.910688,1.2280728504951048,1.4445251022763057e-07,1.4077923139972383e-05,0.020298058052421523,,COMPLETE
6,0.9749025097490251,2026-10-04 20:43:51.521950,2026-10-04 20:43:56.056186,0 days 00:00:04.534236,1.4159046082342293,2.8888383623653223e-08,6.870101665590006e-08,0.08369042894376064,,COMPLETE
7,0.975002499750025,2026-10-04 20:43:56.405133,2026-10-04 20:44:01.184270,0 days 00:00:04.779137,1.785586096034029,9.962513222055125e-09,0.0005141096648805752,0.040842279473800806,,COMPLETE
8,0.9727027297270273,2026-10-04 20:44:01.528224,2026-10-04 20:44:06.300707,0 days 00:00:04.772483,0.9263103092182288,1.0907475835157712e-06,1.8997763474111273e-08,0.0765242606091573,,PRUNED
9,0.951004899510049,2026-10-04 20:44:06.671631,2026-10-04 20:44:08.521359,0 days 00:00:01.849728,2.5209933702911527,6.732248920775341e-05,0.004935296209402108,0.006746417134006626,,PRUNED
10,,2026-10-04 20:44:08.898221,2026-10-04 20:44:09.072082,0 days 00:00:00.173861,0.5449046890370499,1.599329455112412e-07,1.7708555109754176e-06,0.38836769081185185,,PRUNED
11,0.976002399760024,2026-10-04 20:44:09.465119,2026-10-04 20:44:14.118461,0 days 00:00:04.653342,1.313399994928212,1.2994411782671267e-07,1.0982755744221534e-05,0.01833719516909963,,COMPLETE
