number,value,datetime_start,datetime_complete,duration,params_l1,params_l2,params_lr,system_attrs_fixed_params,state
0,0.41455854414558546,2026-10-04 20:21:13.926136,2026-10-04 20:21:17.980243,0 days 00:00:04.054107,1e-07,1e-05,0.5,"{'lr': 0.5, 'l2': 1e-05, 'l1': 1e-07}",COMPLETE
1,0.6107389261073892,2026-10-04 20:21:18.312178,2026-10-04 20:21:22.112569,0 days 00:00:03.800391,4.570563099801454e-06,0.005061576888752304,0.2805758207667252,,COMPLETE
2,0.0993900609939006,2026-10-04 20:21:22.438234,2026-10-04 20:21:26.330769,0 days 00:00:03.892535,6.0252157362038635e-09,8.632008168602522e-08,0.787566024988986,,COMPLETE
3,0.8025197480251974,2026-10-04 20:21:26.674371,2026-10-04 20:21:30.717144,0 days 00:00:04.042773,1.0129197956845748e-06,0.0015741890047456662,0.06533369619026641,,COMPLETE
4,0.10218978102189781,2026-10-04 20:21:31.048311,2026-10-04 20:21:31.717812,0 days 00:00:00.669501,7.072114131472238e-05,1.328944872286916e-08,1.3035123791853827,,PRUNED
5,0.10218978102189781,2026-10-04 20:21:32.059993,2026-10-04 20:21:32.743599,0 days 00:00:00.683606,8.111941985431926e-09,1.879466824163843e-07,2.3112945005104137,,PRUNED
6,0.7332266773322668,2026-10-04 20:21:33.077065,2026-10-04 20:21:37.068590,0 days 00:00:03.991525,4.2051564509138706e-07,6.690421166498788e-07,0.11635338541918898,,COMPLETE
7,0.31316868313168683,2026-10-04 20:21:37.405210,2026-10-04 20:21:38.923372,0 days 00:00:01.518162,1.146210740342504e-06,5.589524205217922e-07,0.36547699179564547,,PRUNED
8,0.7983201679832017,2026-10-04 20:21:39.244073,2026-10-04 20:21:43.311910,0 days 00:00:04.067837,6.789053271698485e-08,5.660670699258882e-07,0.09505122659935178,,COMPLETE
9,0.18468153184681532,2026-10-04 20:21:43.668965,2026-10-04 20:21:44.692691,0 days 00:00:01.023726,9.962513222055125e-09,0.0005141096648805752,0.408422794738008,,PRUNED
10,0.6744325567443256,2026-10-04 20:21:45.038209,2026-10-04 20:21:47.263698,0 days 00:00:02.225489,1.850804381033188e-05,0.00015821587577190854,0.05495793722925511,,PRUNED
11,0.6177382261773823,2026-10-04 20:21:47.592165,2026-10-04 20:21:49.281132,0 days 00:00:01.688967,8.696905236747923e-08,1.1077399995155666e-05,0.05243296558758163,,PRUNED
