number,value,datetime_start,datetime_complete,duration,params_lam,params_lr,system_attrs_fixed_params,state
0,0.9779022097790221,2026-10-04 17:34:31.458648,2026-10-04 17:34:35.060562,0 days 00:00:03.601914,0.01,0.05,"{'lr': 0.05, 'lam': 0.01}",COMPLETE
1,0.9751024897510249,2026-10-04 17:34:35.429883,2026-10-04 17:34:38.924621,0 days 00:00:03.494738,0.20218499516556748,0.028057582076672527,,COMPLETE
2,0.9643035696430357,2026-10-04 17:34:39.271477,2026-10-04 17:34:42.952692,0 days 00:00:03.681215,0.012067245262919609,0.14553179565665345,,COMPLETE
3,0.9741025897410259,2026-10-04 17:34:43.307980,2026-10-04 17:34:46.870252,0 days 00:00:03.562272,0.00034866781670451233,0.01025669131543725,,COMPLETE
4,0.9565043495650435,2026-10-04 17:34:47.220059,2026-10-04 17:34:48.631895,0 days 00:00:01.411836,0.10275417738969424,0.00653336961902664,,PRUNED
5,0.973002699730027,2026-10-04 17:34:48.987788,2026-10-04 17:34:52.636029,0 days 00:00:03.648241,0.028977052667178302,0.07965261308120507,,PRUNED
6,0.9492050794920508,2026-10-04 17:34:52.991373,2026-10-04 17:34:54.487319,0 days 00:00:01.495946,0.23577305025968318,0.005497167787383101,,PRUNED
7,0.11238876112388761,2026-10-04 17:34:54.860123,2026-10-04 17:34:56.481169,0 days 00:00:01.621046,0.0005474303040596579,0.2311294500510414,,PRUNED
8,0.9591040895910409,2026-10-04 17:34:56.844675,2026-10-04 17:34:58.296184,0 days 00:00:01.451509,0.00043422989482861367,0.011551009439226469,,PRUNED
9,0.977002299770023,2026-10-04 17:34:58.663241,2026-10-04 17:35:02.792747,0 days 00:00:04.129506,0.006677928149251669,0.020298058052421523,,COMPLETE
10,0.11458854114588542,2026-10-04 17:35:03.162130,2026-10-04 17:35:04.688583,0 days 00:00:01.526453,0.0018396077260849795,0.38836769081185185,,PRUNED
11,0.9628037196280372,2026-10-04 17:35:05.051863,2026-10-04 17:35:06.585590,0 days 00:00:01.533727,0.0037514981049594485,0.03158984719834987,,PRUNED
