number,value,datetime_start,datetime_complete,duration,params_l1,params_l2,params_lr,params_one_minus_tau,system_attrs_fixed_params,state
0,0.981001899810019,2026-10-04 21:05:35.700864,2026-10-04 21:05:40.227694,0 days 00:00:04.526830,1e-07,1e-05,0.05,0.01,"{'lr': 0.05, 'l2': 1e-05, 'l1': 1e-07, 'one_minus_tau': 0.01}",COMPLETE
1,0.975002499750025,2026-10-04 21:05:40.608354,2026-10-04 21:05:45.461505,0 days 00:00:04.853151,4.570563099801454e-06,0.005061576888752304,0.028057582076672527,0.00946650379847817,,COMPLETE
2,0.9753024697530247,2026-10-04 21:05:45.806691,2026-10-04 21:05:50.783834,0 days 00:00:04.977143,1.9517224641449526e-09,8.62913219007185e-08,0.01025669131543725,0.07232250142857391,,COMPLETE
3,0.9729027097290271,2026-10-04 21:05:51.142125,2026-10-04 21:05:56.013663,0 days 00:00:04.871538,1.2674255898937224e-09,0.00017718847354806813,0.07965261308120507,0.15911147987600693,,COMPLETE
4,0.11798820117988201,2026-10-04 21:05:56.373122,2026-10-04 21:05:58.188786,0 days 00:00:01.815664,8.111941985431926e-09,1.879466824163843e-07,0.2311294500510414,0.00040311020093778354,,PRUNED
5,0.9308069193080692,2026-10-04 21:05:58.530956,2026-10-04 21:06:00.353971,0 days 00:00:01.823015,1.4445251022763057e-07,1.4077923139972383e-05,0.020298058052421523,0.0009148631342290043,,PRUNED
6,0.968003199680032,2026-10-04 21:06:00.700344,2026-10-04 21:06:02.475870,0 days 00:00:01.775526,2.8888383623653223e-08,6.870101665590006e-08,0.08369042894376064,0.0016194645060505467,,PRUNED
7,0.9812018798120188,2026-10-04 21:06:02.835478,2026-10-04 21:06:07.349405,0 days 00:00:04.513927,9.962513222055125e-09,0.0005141096648805752,0.040842279473800806,0.004983142493044818,,COMPLETE
8,0.8676132386761324,2026-10-04 21:06:07.713252,2026-10-04 21:06:09.556495,0 days 00:00:01.843243,1.0907475835157712e-06,1.8997763474111273e-08,0.0765242606091573,0.0003655150362279014,,PRUNED
9,0.9557044295570443,2026-10-04 21:06:09.922761,2026-10-04 21:06:11.735840,0 days 00:00:01.813079,6.732248920775341e-05,0.004935296209402108,0.006746417134006626,0.046616954181056804,,PRUNED
10,0.132986701329867,2026-10-04 21:06:12.082608,2026-10-04 21:06:13.799411,0 days 00:00:01.716803,1.4128769873108734e-08,0.00021538517272483987,0.38836769081185185,0.00011462852132837155,,PRUNED
11,0.9803019698030196,2026-10-04 21:06:14.136187,2026-10-04 21:06:19.180864,0 days 00:00:05.044677,1.2994411782671267e-07,3.0608312586340182e-06,0.03114498722449431,0.010883133176989072,,COMPLETE
