number,value,datetime_start,datetime_complete,duration,params_l1,params_l2,params_lr,system_attrs_fixed_params,state
0,0.9686031396860314,2026-10-04 20:26:39.946336,2026-10-04 20:26:44.658172,0 days 00:00:04.711836,1e-07,1e-05,0.05,"{'lr': 0.05, 'l2': 1e-05, 'l1': 1e-07}",COMPLETE
1,0.9693030696930307,2026-10-04 20:26:45.008121,2026-10-04 20:26:49.474085,0 days 00:00:04.465964,4.570563099801454e-06,0.005061576888752304,0.010253509690168494,,COMPLETE
2,0.9697030296970303,2026-10-04 20:26:49.838785,2026-10-04 20:26:54.016462,0 days 00:00:04.177677,6.0252157362038635e-09,8.632008168602522e-08,0.04128205343826222,,COMPLETE
3,0.9512048795120488,2026-10-04 20:26:54.349105,2026-10-04 20:26:59.000593,0 days 00:00:04.651488,1.0129197956845748e-06,0.0015741890047456662,0.001434715951720141,,COMPLETE
4,0.9518048195180482,2026-10-04 20:26:59.336822,2026-10-04 20:27:01.111145,0 days 00:00:01.774323,7.072114131472238e-05,1.328944872286916e-08,0.08148293210105287,,PRUNED
5,0.9256074392560744,2026-10-04 20:27:01.435214,2026-10-04 20:27:03.165382,0 days 00:00:01.730168,8.111941985431926e-09,1.879466824163843e-07,0.1764971584817571,,PRUNED
6,0.953004699530047,2026-10-04 20:27:03.491438,2026-10-04 20:27:05.328886,0 days 00:00:01.837448,4.2051564509138706e-07,6.690421166498788e-07,0.0031261029103110596,,PRUNED
7,0.9727027297270273,2026-10-04 20:27:05.667672,2026-10-04 20:27:10.515298,0 days 00:00:04.847626,1.146210740342504e-06,5.589524205217922e-07,0.014648955132800727,,COMPLETE
8,0.9493050694930507,2026-10-04 20:27:10.869975,2026-10-04 20:27:12.533643,0 days 00:00:01.663668,6.789053271698485e-08,5.660670699258882e-07,0.002379522116387727,,PRUNED
9,0.9749025097490251,2026-10-04 20:27:12.874547,2026-10-04 20:27:17.573872,0 days 00:00:04.699325,9.962513222055125e-09,0.0005141096648805752,0.01701841881702917,,COMPLETE
10,0.8348165183481652,2026-10-04 20:27:17.932737,2026-10-04 20:27:19.643984,0 days 00:00:01.711247,1.0907785690006127e-09,0.00015821587577190854,0.3555454971866563,,PRUNED
11,0.9745025497450255,2026-10-04 20:27:20.016347,2026-10-04 20:27:24.197125,0 days 00:00:04.180778,8.948199738386456e-06,2.0726038591248653e-05,0.011568925627502193,,COMPLETE
