number,value,datetime_start,datetime_complete,duration,params_cycle,params_l1,params_l2,params_lr,system_attrs_fixed_params,state
0,0.9604039596040396,2026-10-04 21:04:32.364708,2026-10-04 21:04:36.347020,0 days 00:00:03.982312,1,1e-07,1e-05,0.05,"{'lr': 0.05, 'l2': 1e-05, 'l1': 1e-07, 'cycle': 1}",COMPLETE
1,0.9654034596540346,2026-10-04 21:04:36.722343,2026-10-04 21:04:40.728310,0 days 00:00:04.005967,2,4.570563099801454e-06,0.005061576888752304,0.028057582076672527,,COMPLETE
2,0.9652034796520348,2026-10-04 21:04:41.075321,2026-10-04 21:04:45.219239,0 days 00:00:04.143918,3,1.9517224641449526e-09,8.62913219007185e-08,0.01025669131543725,,COMPLETE
3,0.9676032396760323,2026-10-04 21:04:45.582112,2026-10-04 21:04:49.613939,0 days 00:00:04.031827,3,1.2674255898937224e-09,0.00017718847354806813,0.07965261308120507,,COMPLETE
4,0.45125487451254875,2026-10-04 21:04:49.957884,2026-10-04 21:04:51.726190,0 days 00:00:01.768306,1,8.111941985431926e-09,1.879466824163843e-07,0.2311294500510414,,PRUNED
5,0.9542045795420458,2026-10-04 21:04:52.084021,2026-10-04 21:04:53.898261,0 days 00:00:01.814240,1,1.4445251022763057e-07,1.4077923139972383e-05,0.020298058052421523,,PRUNED
6,0.9578042195780422,2026-10-04 21:04:54.245137,2026-10-04 21:04:58.474936,0 days 00:00:04.229799,2,2.8888383623653223e-08,6.870101665590006e-08,0.08369042894376064,,PRUNED
7,0.9645035496450355,2026-10-04 21:04:58.842098,2026-10-04 21:05:02.864068,0 days 00:00:04.021970,2,9.962513222055125e-09,0.0005141096648805752,0.040842279473800806,,COMPLETE
8,0.939006099390061,2026-10-04 21:05:03.207392,2026-10-04 21:05:05.714138,0 days 00:00:02.506746,1,1.0907475835157712e-06,1.8997763474111273e-08,0.0765242606091573,,PRUNED
9,0.946905309469053,2026-10-04 21:05:06.047770,2026-10-04 21:05:07.651448,0 days 00:00:01.603678,3,6.732248920775341e-05,0.004935296209402108,0.006746417134006626,,PRUNED
10,0.1060893910608939,2026-10-04 21:05:08.038677,2026-10-04 21:05:12.060206,0 days 00:00:04.021529,3,1.0907785690006127e-09,6.08306813594792e-05,0.404528470300807,,PRUNED
11,0.9682031796820318,2026-10-04 21:05:12.420614,2026-10-04 21:05:16.875816,0 days 00:00:04.455202,2,9.3202995673644e-06,0.002792471643386222,0.02302528599479886,,COMPLETE
