number,value,datetime_start,datetime_complete,duration,params_lam,params_lr,system_attrs_fixed_params,state
0,0.8565143485651435,2026-10-04 17:29:10.591443,2026-10-04 17:29:16.982568,0 days 00:00:06.391125,10.0,0.05,"{'lr': 0.05, 'lam': 10.0}",COMPLETE
1,0.8503149685031497,2026-10-04 17:29:17.341813,2026-10-04 17:29:23.453884,0 days 00:00:06.112071,75.1031531980021,0.028057582076672527,,COMPLETE
2,0.8769123087691231,2026-10-04 17:29:23.796142,2026-10-04 17:29:30.084599,0 days 00:00:06.288457,9.715474588466352,0.14553179565665345,,COMPLETE
3,0.8888111188881112,2026-10-04 17:29:30.427657,2026-10-04 17:29:36.537435,0 days 00:00:06.109778,0.7424659039338446,0.01025669131543725,,COMPLETE
4,0.8572142785721428,2026-10-04 17:29:36.882608,2026-10-04 17:29:43.044655,0 days 00:00:06.162047,45.9598542288622,0.00653336961902664,,COMPLETE
5,0.8522147785221478,2026-10-04 17:29:43.410696,2026-10-04 17:29:46.002145,0 days 00:00:02.591449,18.34435774920263,0.07965261308120507,,PRUNED
6,0.8555144485551445,2026-10-04 17:29:46.370374,2026-10-04 17:29:49.051104,0 days 00:00:02.680730,83.96266322363188,0.005497167787383101,,PRUNED
7,0.09929007099290071,2026-10-04 17:29:49.402825,2026-10-04 17:29:51.781419,0 days 00:00:02.378594,1.0299759495734966,0.2311294500510414,,PRUNED
8,0.8906109389061094,2026-10-04 17:29:52.141193,2026-10-04 17:29:58.309901,0 days 00:00:06.168708,0.870619909408855,0.011551009439226469,,COMPLETE
9,0.8740125987401259,2026-10-04 17:29:58.665648,2026-10-04 17:30:05.302799,0 days 00:00:06.637151,6.324382125113151,0.020298058052421523,,COMPLETE
10,0.8914108589141085,2026-10-04 17:30:05.665478,2026-10-04 17:30:11.932004,0 days 00:00:06.266526,0.3106357388443499,0.017048368715055776,,COMPLETE
11,0.892010798920108,2026-10-04 17:30:12.284375,2026-10-04 17:30:18.558457,0 days 00:00:06.274082,0.30937502276340934,0.016656299388278922,,COMPLETE
