number,value,datetime_start,datetime_complete,duration,params_lr,params_sigma,system_attrs_fixed_params,state
0,0.978002199780022,2026-10-04 17:25:51.223527,2026-10-04 17:25:55.325111,0 days 00:00:04.101584,0.05,0.1,"{'lr': 0.05, 'sigma': 0.1}",COMPLETE
1,0.9679032096790321,2026-10-04 17:25:55.679428,2026-10-04 17:26:00.134959,0 days 00:00:04.455531,0.028057582076672527,0.4903586409414129,,COMPLETE
2,0.9667033296670333,2026-10-04 17:26:00.486561,2026-10-04 17:26:04.649807,0 days 00:00:04.163246,0.14553179565665345,0.11601264599866724,,COMPLETE
3,0.9742025797420258,2026-10-04 17:26:05.002935,2026-10-04 17:26:09.464392,0 days 00:00:04.461457,0.01025669131543725,0.01894008184580889,,COMPLETE
4,0.9413058694130587,2026-10-04 17:26:09.819895,2026-10-04 17:26:11.663508,0 days 00:00:01.843613,0.00653336961902664,0.3468903325168309,,PRUNED
5,0.9745025497450255,2026-10-04 17:26:12.017785,2026-10-04 17:26:16.306441,0 days 00:00:04.288656,0.07965261308120507,0.18157670863961803,,COMPLETE
6,0.9219078092190781,2026-10-04 17:26:16.662858,2026-10-04 17:26:18.458514,0 days 00:00:01.795656,0.005497167787383101,0.5304523971799772,,PRUNED
7,0.5848415158484151,2026-10-04 17:26:18.806629,2026-10-04 17:26:20.688823,0 days 00:00:01.882194,0.2311294500510414,0.023854540489822506,,PRUNED
8,0.9749025097490251,2026-10-04 17:26:21.051316,2026-10-04 17:26:25.108353,0 days 00:00:04.057037,0.011551009439226469,0.021189512176200295,,COMPLETE
9,0.9765023497650235,2026-10-04 17:26:25.461360,2026-10-04 17:26:30.056438,0 days 00:00:04.595078,0.020298058052421523,0.08572279149438147,,COMPLETE
10,,2026-10-04 17:26:30.408514,2026-10-04 17:26:30.644442,0 days 00:00:00.235928,0.38836769081185185,0.04433664409573426,,PRUNED
11,0.9776022397760225,2026-10-04 17:26:31.013617,2026-10-04 17:26:35.303909,0 days 00:00:04.290292,0.03158984719834987,0.06383021617880982,,COMPLETE
