number,value,datetime_start,datetime_complete,duration,params_gain,params_l1,params_l2,params_lr,system_attrs_fixed_params,state
0,0.9782021797820218,2026-10-04 20:42:18.471815,2026-10-04 20:42:23.034140,0 days 00:00:04.562325,1.0,1e-07,1e-05,0.05,"{'lr': 0.05, 'l2': 1e-05, 'l1': 1e-07, 'gain': 1.0}",COMPLETE
1,0.9709029097090291,2026-10-04 20:42:23.392797,2026-10-04 20:42:28.163481,0 days 00:00:04.770684,1.4615606853189014,4.570563099801454e-06,0.005061576888752304,0.028057582076672527,,COMPLETE
2,0.962903709629037,2026-10-04 20:42:28.502452,2026-10-04 20:42:32.988389,0 days 00:00:04.485937,2.360402441719116,1.9517224641449526e-09,8.62913219007185e-08,0.01025669131543725,,COMPLETE
3,0.2896710328967103,2026-10-04 20:42:33.346057,2026-10-04 20:42:37.897522,0 days 00:00:04.551465,2.8425398939327113,1.2674255898937224e-09,0.00017718847354806813,0.07965261308120507,,COMPLETE
4,0.9165083491650835,2026-10-04 20:42:38.239268,2026-10-04 20:42:40.083063,0 days 00:00:01.843795,0.6945227129221505,8.111941985431926e-09,1.879466824163843e-07,0.2311294500510414,,PRUNED
5,0.9757024297570243,2026-10-04 20:42:40.429708,2026-10-04 20:42:45.191635,0 days 00:00:04.761927,0.8425396033683951,1.4445251022763057e-07,1.4077923139972383e-05,0.020298058052421523,,COMPLETE
6,0.9755024497550245,2026-10-04 20:42:45.548955,2026-10-04 20:42:50.294798,0 days 00:00:04.745843,0.963950939140342,2.8888383623653223e-08,6.870101665590006e-08,0.08369042894376064,,COMPLETE
7,0.9781021897810219,2026-10-04 20:42:50.652055,2026-10-04 20:42:55.120939,0 days 00:00:04.468884,1.2563833593289826,9.962513222055125e-09,0.0005141096648805752,0.040842279473800806,,COMPLETE
8,0.9709029097090291,2026-10-04 20:42:55.462240,2026-10-04 20:42:58.383428,0 days 00:00:02.921188,0.6786776766081324,1.0907475835157712e-06,1.8997763474111273e-08,0.0765242606091573,,PRUNED
9,0.9538046195380462,2026-10-04 20:42:58.742434,2026-10-04 20:43:00.637915,0 days 00:00:01.895481,2.128263571988323,6.732248920775341e-05,0.004935296209402108,0.006746417134006626,,PRUNED
10,,2026-10-04 20:43:00.991399,2026-10-04 20:43:01.145028,0 days 00:00:00.153629,0.5163534229072314,1.599329455112412e-07,1.7708555109754176e-06,0.38836769081185185,,PRUNED
11,0.960903909609039,2026-10-04 20:43:01.499063,2026-10-04 20:43:03.533040,0 days 00:00:02.033977,1.5068302033597167,2.5422264441956258e-08,0.00013851041848413206,0.03114498722449431,,PRUNED
