number,value,datetime_start,datetime_complete,duration,params_alpha,params_l1,params_l2,params_lr,system_attrs_fixed_params,state
0,0.98000199980002,2026-10-04 20:23:24.438311,2026-10-04 20:23:29.066593,0 days 00:00:04.628282,0.9,1e-07,1e-05,0.05,"{'lr': 0.05, 'l2': 1e-05, 'l1': 1e-07, 'alpha': 0.9}",COMPLETE
1,0.9628037196280372,2026-10-04 20:23:29.438479,2026-10-04 20:23:33.772793,0 days 00:00:04.334314,0.793342657256548,4.570563099801454e-06,0.005061576888752304,0.008468008575248327,,COMPLETE
2,0.962903709629037,2026-10-04 20:23:34.122730,2026-10-04 20:23:38.116167,0 days 00:00:03.993437,0.9244263114297182,1.9517224641449526e-09,8.62913219007185e-08,0.0024348773534554596,,COMPLETE
3,0.9576042395760423,2026-10-04 20:23:38.443253,2026-10-04 20:23:43.051823,0 days 00:00:04.608570,0.9752558275593772,1.2674255898937224e-09,0.00017718847354806813,0.030834348179355788,,COMPLETE
4,0.9732026797320268,2026-10-04 20:23:43.402375,2026-10-04 20:23:47.750026,0 days 00:00:04.347651,0.5898682098281826,8.111941985431926e-09,1.879466824163843e-07,0.11536162338241392,,COMPLETE
5,0.9304069593040696,2026-10-04 20:23:48.091787,2026-10-04 20:23:49.736106,0 days 00:00:01.644319,0.6427022786970406,1.4445251022763057e-07,1.4077923139972383e-05,0.005670807781371429,,PRUNED
6,0.9744025597440256,2026-10-04 20:23:50.078469,2026-10-04 20:23:54.360774,0 days 00:00:04.282305,0.6795173032139089,2.8888383623653223e-08,6.870101665590006e-08,0.032781876533976156,,COMPLETE
7,0.9517048295170483,2026-10-04 20:23:54.687967,2026-10-04 20:23:56.448335,0 days 00:00:01.760368,0.7519748748226697,9.962513222055125e-09,0.0005141096648805752,0.013481575603601416,,PRUNED
8,0.9545045495450455,2026-10-04 20:23:56.778086,2026-10-04 20:23:58.473043,0 days 00:00:01.694957,0.5835568206067728,1.0907475835157712e-06,1.8997763474111273e-08,0.029341527565000736,,PRUNED
9,0.926007399260074,2026-10-04 20:23:58.799341,2026-10-04 20:24:00.659395,0 days 00:00:01.860054,0.896114700577066,6.732248920775341e-05,0.004935296209402108,0.0014492412389916862,,PRUNED
10,0.9341065893410659,2026-10-04 20:24:01.028982,2026-10-04 20:24:02.938073,0 days 00:00:01.909091,0.8443530071632378,1.599329455112412e-07,1.7708555109754176e-06,0.24645642608888288,,PRUNED
11,0.9759024097590241,2026-10-04 20:24:03.298498,2026-10-04 20:24:07.386042,0 days 00:00:04.087544,0.6777834440332218,2.5422264441956258e-08,4.581914630166364e-06,0.07019930884029586,,COMPLETE
