number,value,datetime_start,datetime_complete,duration,params_alpha,params_lr,system_attrs_fixed_params,state
0,0.9774022597740226,2026-10-04 17:20:53.818984,2026-10-04 17:20:57.623184,0 days 00:00:03.804200,1e-05,0.05,"{'lr': 0.05, 'alpha': 1e-05}",COMPLETE
1,0.9592040795920408,2026-10-04 17:20:57.997007,2026-10-04 17:21:01.805852,0 days 00:00:03.808845,0.0006351221010640698,0.028057582076672527,,COMPLETE
2,0.9695030496950305,2026-10-04 17:21:02.192488,2026-10-04 17:21:06.145186,0 days 00:00:03.952698,2.481040974867808e-05,0.14553179565665345,,COMPLETE
3,0.9744025597440256,2026-10-04 17:21:06.492740,2026-10-04 17:21:10.130046,0 days 00:00:03.637306,4.207053950287931e-07,0.01025669131543725,,COMPLETE
4,0.9507049295070493,2026-10-04 17:21:10.493800,2026-10-04 17:21:12.045244,0 days 00:00:01.551444,0.0002915443189153752,0.00653336961902664,,PRUNED
5,0.9698030196980302,2026-10-04 17:21:12.393644,2026-10-04 17:21:16.246872,0 days 00:00:03.853228,6.796578090758147e-05,0.07965261308120507,,PRUNED
6,0.9447055294470553,2026-10-04 17:21:16.608091,2026-10-04 17:21:18.085829,0 days 00:00:01.477738,0.0007579479953348002,0.005497167787383101,,PRUNED
7,0.11238876112388761,2026-10-04 17:21:18.470422,2026-10-04 17:21:20.381144,0 days 00:00:01.910722,7.068974950624599e-07,0.2311294500510414,,PRUNED
8,0.9747025297470253,2026-10-04 17:21:20.738786,2026-10-04 17:21:24.853350,0 days 00:00:04.114564,5.415244119402535e-07,0.011551009439226469,,COMPLETE
9,0.9764023597640236,2026-10-04 17:21:25.217742,2026-10-04 17:21:30.293681,0 days 00:00:05.075939,1.2561043700013547e-05,0.020298058052421523,,COMPLETE
10,,2026-10-04 17:21:30.644918,2026-10-04 17:21:30.997871,0 days 00:00:00.352953,2.850432062787152e-06,0.38836769081185185,,PRUNED
11,0.9768023197680232,2026-10-04 17:21:31.359343,2026-10-04 17:21:34.922385,0 days 00:00:03.563042,6.470364882782514e-06,0.03158984719834987,,COMPLETE
