number,value,datetime_start,datetime_complete,duration,params_l1,params_l2,params_lr,params_v,system_attrs_fixed_params,state
0,0.9781021897810219,2026-10-04 20:59:56.910543,2026-10-04 21:00:02.061124,0 days 00:00:05.150581,1e-07,1e-05,0.05,0.05,"{'lr': 0.05, 'l2': 1e-05, 'l1': 1e-07, 'v': 0.05}",COMPLETE
1,0.9727027297270273,2026-10-04 21:00:02.417392,2026-10-04 21:00:07.441238,0 days 00:00:05.023846,4.570563099801454e-06,0.005061576888752304,0.028057582076672527,0.06251373574521749,,COMPLETE
2,0.9741025897410259,2026-10-04 21:00:07.787567,2026-10-04 21:00:12.879939,0 days 00:00:05.092372,1.9517224641449526e-09,8.62913219007185e-08,0.01025669131543725,0.39676050770529875,,COMPLETE
3,0.974002599740026,2026-10-04 21:00:13.219304,2026-10-04 21:00:18.264613,0 days 00:00:05.045309,1.2674255898937224e-09,0.00017718847354806813,0.07965261308120507,0.8123245085588685,,COMPLETE
4,0.9522047795220479,2026-10-04 21:00:18.603065,2026-10-04 21:00:20.845668,0 days 00:00:02.242603,8.111941985431926e-09,1.879466824163843e-07,0.2311294500510414,0.0035498788321965025,,PRUNED
5,0.9765023497650235,2026-10-04 21:00:21.174339,2026-10-04 21:00:26.942929,0 days 00:00:05.768590,1.4445251022763057e-07,1.4077923139972383e-05,0.020298058052421523,0.007476312062252299,,COMPLETE
6,0.9627037296270373,2026-10-04 21:00:27.287459,2026-10-04 21:00:29.335311,0 days 00:00:02.047852,2.8888383623653223e-08,6.870101665590006e-08,0.08369042894376064,0.01256277350380703,,PRUNED
7,0.9785021497850215,2026-10-04 21:00:29.711937,2026-10-04 21:00:34.935612,0 days 00:00:05.223675,9.962513222055125e-09,0.0005141096648805752,0.040842279473800806,0.034890188454913866,,COMPLETE
8,0.9636036396360363,2026-10-04 21:00:35.271998,2026-10-04 21:00:37.216181,0 days 00:00:01.944183,1.0907475835157712e-06,1.8997763474111273e-08,0.0765242606091573,0.0032476735706274485,,PRUNED
9,0.9488051194880512,2026-10-04 21:00:37.559043,2026-10-04 21:00:39.532616,0 days 00:00:01.973573,6.732248920775341e-05,0.004935296209402108,0.006746417134006626,0.2661901888489056,,PRUNED
10,0.9541045895410459,2026-10-04 21:00:39.901979,2026-10-04 21:00:42.373490,0 days 00:00:02.471511,1.4128769873108734e-08,0.00021538517272483987,0.38836769081185185,0.0011321021804230399,,PRUNED
11,0.9627037296270373,2026-10-04 21:00:42.716171,2026-10-04 21:00:44.778976,0 days 00:00:02.062805,1.2994411782671267e-07,3.0608312586340182e-06,0.03114498722449431,0.05653873515872692,,PRUNED
