number,value,datetime_start,datetime_complete,duration,params_lr,params_patience,system_attrs_fixed_params,state
0,0.9772022797720228,2026-10-04 17:32:15.064774,2026-10-04 17:32:20.085223,0 days 00:00:05.020449,0.05,5,"{'lr': 0.05, 'patience': 5}",COMPLETE
1,0.9763023697630236,2026-10-04 17:32:20.520665,2026-10-04 17:32:26.038774,0 days 00:00:05.518109,0.028057582076672527,10,,COMPLETE
2,0.962903709629037,2026-10-04 17:32:26.458058,2026-10-04 17:32:31.710660,0 days 00:00:05.252602,0.14553179565665345,7,,COMPLETE
3,0.9737026297370263,2026-10-04 17:32:32.140722,2026-10-04 17:32:37.519688,0 days 00:00:05.378966,0.01025669131543725,3,,COMPLETE
4,0.9534046595340466,2026-10-04 17:32:37.933840,2026-10-04 17:32:39.922057,0 days 00:00:01.988217,0.00653336961902664,9,,PRUNED
5,0.9762023797620238,2026-10-04 17:32:40.343923,2026-10-04 17:32:45.812114,0 days 00:00:05.468191,0.07965261308120507,8,,COMPLETE
6,0.9505049495050495,2026-10-04 17:32:46.231104,2026-10-04 17:32:48.282375,0 days 00:00:02.051271,0.005497167787383101,10,,PRUNED
7,0.11238876112388761,2026-10-04 17:32:48.676202,2026-10-04 17:32:50.918101,0 days 00:00:02.241899,0.2311294500510414,3,,PRUNED
8,0.9592040795920408,2026-10-04 17:32:51.345619,2026-10-04 17:32:53.370405,0 days 00:00:02.024786,0.011551009439226469,3,,PRUNED
9,0.9632036796320368,2026-10-04 17:32:53.772939,2026-10-04 17:32:55.915854,0 days 00:00:02.142915,0.020298058052421523,6,,PRUNED
10,0.1151884811518848,2026-10-04 17:32:56.348566,2026-10-04 17:32:58.625043,0 days 00:00:02.276477,0.38836769081185185,5,,PRUNED
11,0.961003899610039,2026-10-04 17:32:59.046492,2026-10-04 17:33:01.079606,0 days 00:00:02.033114,0.03158984719834987,5,,PRUNED
