number,value,datetime_start,datetime_complete,duration,params_lr,params_max_rot,params_max_scale,params_max_shift,system_attrs_fixed_params,state
0,0.9764023597640236,2026-10-04 17:23:01.534259,2026-10-04 17:23:06.086706,0 days 00:00:04.552447,0.05,10.0,0.1,2.0,"{'lr': 0.05, 'max_shift': 2.0, 'max_rot': 10.0, 'max_scale': 0.1}",COMPLETE
1,0.9667033296670333,2026-10-04 17:23:06.446689,2026-10-04 17:23:10.993519,0 days 00:00:04.546830,0.028057582076672527,18.299848545285126,0.14966462104925915,3.8028572256396647,,COMPLETE
2,0.9763023697630236,2026-10-04 17:23:11.364365,2026-10-04 17:23:15.824978,0 days 00:00:04.460613,0.01025669131543725,1.4520903042049866,0.2165440364437338,0.6239780813448106,,COMPLETE
3,0.9725027497250275,2026-10-04 17:23:16.187132,2026-10-04 17:23:20.708257,0 days 00:00:04.521125,0.07965261308120507,0.5146123573950612,0.24247746304049858,2.832290311184182,,COMPLETE
4,0.11238876112388761,2026-10-04 17:23:21.060972,2026-10-04 17:23:22.921137,0 days 00:00:01.860165,0.2311294500510414,4.545624180177516,0.045851127463358454,0.8493564427131046,,PRUNED
5,0.9776022397760225,2026-10-04 17:23:23.313482,2026-10-04 17:23:27.959759,0 days 00:00:04.646277,0.020298058052421523,10.798625466052894,0.07280728504951048,2.0990257265289514,,COMPLETE
6,0.9684031596840316,2026-10-04 17:23:28.328829,2026-10-04 17:23:31.314502,0 days 00:00:02.985673,0.08369042894376064,7.303616213380454,0.09159046082342293,0.5579754426081673,,PRUNED
7,0.9621037896210379,2026-10-04 17:23:31.669820,2026-10-04 17:23:34.311596,0 days 00:00:02.641776,0.040842279473800806,4.991844553958994,0.1285586096034029,3.1407038455720544,,PRUNED
8,0.9666033396660334,2026-10-04 17:23:34.671743,2026-10-04 17:23:37.299699,0 days 00:00:02.627956,0.0765242606091573,15.18862129753596,0.04263103092182288,0.1858016508799909,,PRUNED
9,0.9253074692530747,2026-10-04 17:23:37.646602,2026-10-04 17:23:39.403433,0 days 00:00:01.756831,0.006746417134006626,24.140800826863984,0.20209933702911528,3.795542149013333,,PRUNED
10,0.9795020497950205,2026-10-04 17:23:39.758069,2026-10-04 17:23:44.625903,0 days 00:00:04.867834,0.015503862505026717,12.950929112362877,0.004490468903704997,1.5637554046953344,,COMPLETE
11,0.9796020397960205,2026-10-04 17:23:44.979810,2026-10-04 17:23:49.389702,0 days 00:00:04.409892,0.019733115965076906,13.681695777998716,0.004530608029935657,1.6319239585843495,,COMPLETE
