number,value,datetime_start,datetime_complete,duration,params_lam,params_lr,system_attrs_fixed_params,state
0,0.9756024397560243,2026-10-04 17:31:08.493517,2026-10-04 17:31:12.385123,0 days 00:00:03.891606,0.3,0.05,"{'lr': 0.05, 'lam': 0.3}",COMPLETE
1,0.9728027197280272,2026-10-04 17:31:12.759412,2026-10-04 17:31:16.360323,0 days 00:00:03.600911,1.5938909637287855,0.028057582076672527,,COMPLETE
2,0.9636036396360363,2026-10-04 17:31:16.740695,2026-10-04 17:31:20.469423,0 days 00:00:03.728728,0.31502640999559434,0.14553179565665345,,COMPLETE
3,0.9737026297370263,2026-10-04 17:31:20.833120,2026-10-04 17:31:24.638880,0 days 00:00:03.805760,0.04102220837686794,0.01025669131543725,,COMPLETE
4,0.9602039796020398,2026-10-04 17:31:24.979235,2026-10-04 17:31:27.292908,0 days 00:00:02.313673,1.0798968819574857,0.00653336961902664,,PRUNED
5,0.9611038896110389,2026-10-04 17:31:27.657200,2026-10-04 17:31:29.178708,0 days 00:00:01.521508,0.521404951674153,0.07965261308120507,,PRUNED
6,0.9597040295970403,2026-10-04 17:31:29.528645,2026-10-04 17:31:31.076140,0 days 00:00:01.547495,1.74120417566097,0.005497167787383101,,PRUNED
7,0.11238876112388761,2026-10-04 17:31:31.432738,2026-10-04 17:31:32.996147,0 days 00:00:01.563409,0.05317508796654538,0.2311294500510414,,PRUNED
8,0.974002599740026,2026-10-04 17:31:33.406119,2026-10-04 17:31:37.235723,0 days 00:00:03.829604,0.04654135416767559,0.011551009439226469,,COMPLETE
9,0.9767023297670233,2026-10-04 17:31:37.588424,2026-10-04 17:31:41.144543,0 days 00:00:03.556119,0.22415212423721126,0.020298058052421523,,COMPLETE
10,0.9771022897710229,2026-10-04 17:31:41.485444,2026-10-04 17:31:45.455608,0 days 00:00:03.970164,0.11855672177620809,0.02423307369924326,,COMPLETE
11,0.9763023697630236,2026-10-04 17:31:45.817583,2026-10-04 17:31:49.716052,0 days 00:00:03.898469,0.09879427499134193,0.024440396192344005,,COMPLETE
