number,value,datetime_start,datetime_complete,duration,params_l1,params_l2,params_lr,system_attrs_fixed_params,state
0,0.9777022297770223,2026-10-04 21:03:19.812144,2026-10-04 21:03:24.737782,0 days 00:00:04.925638,1e-07,1e-05,0.1,"{'lr': 0.1, 'l2': 1e-05, 'l1': 1e-07}",COMPLETE
1,0.9689031096890312,2026-10-04 21:03:25.097755,2026-10-04 21:03:30.224917,0 days 00:00:05.127162,4.570563099801454e-06,0.005061576888752304,0.05611516415334506,,COMPLETE
2,0.9779022097790221,2026-10-04 21:03:30.587688,2026-10-04 21:03:35.483511,0 days 00:00:04.895823,6.0252157362038635e-09,8.632008168602522e-08,0.15751320499779725,,COMPLETE
3,0.9774022597740226,2026-10-04 21:03:35.827711,2026-10-04 21:03:41.144855,0 days 00:00:05.317144,1.0129197956845748e-06,0.0015741890047456662,0.01306673923805328,,COMPLETE
4,0.959004099590041,2026-10-04 21:03:41.514150,2026-10-04 21:03:43.613160,0 days 00:00:02.099010,7.072114131472238e-05,1.328944872286916e-08,0.2607024758370766,,PRUNED
5,0.9733026697330267,2026-10-04 21:03:43.975165,2026-10-04 21:03:46.917314,0 days 00:00:02.942149,8.111941985431926e-09,1.879466824163843e-07,0.46225890010208287,,PRUNED
6,0.9784021597840216,2026-10-04 21:03:47.255407,2026-10-04 21:03:52.367888,0 days 00:00:05.112481,4.2051564509138706e-07,6.690421166498788e-07,0.023270677083837805,,COMPLETE
7,0.9799020097990201,2026-10-04 21:03:52.724887,2026-10-04 21:03:57.485337,0 days 00:00:04.760450,1.146210740342504e-06,5.589524205217922e-07,0.0730953983591291,,COMPLETE
8,0.9701029897010299,2026-10-04 21:03:57.813428,2026-10-04 21:03:59.732384,0 days 00:00:01.918956,6.789053271698485e-08,5.660670699258882e-07,0.01901024531987036,,PRUNED
9,0.9727027297270273,2026-10-04 21:04:00.065603,2026-10-04 21:04:02.126563,0 days 00:00:02.060960,9.962513222055125e-09,0.0005141096648805752,0.08168455894760163,,PRUNED
10,0.9534046595340466,2026-10-04 21:04:02.480560,2026-10-04 21:04:04.385293,0 days 00:00:01.904733,1.850804381033188e-05,2.4353155569195203e-05,0.7767353816237038,,PRUNED
11,0.9778022197780222,2026-10-04 21:04:04.761205,2026-10-04 21:04:09.594738,0 days 00:00:04.833533,9.5610761125626e-07,3.125895002899405e-06,0.03356423341455992,,COMPLETE
