number,value,datetime_start,datetime_complete,duration,params_gate_bias,params_l1,params_l2,params_lr,system_attrs_fixed_params,state
0,0.9768023197680232,2026-10-04 20:53:40.597684,2026-10-04 20:53:52.379670,0 days 00:00:11.781986,1.0,1e-07,1e-05,0.05,"{'lr': 0.05, 'l2': 1e-05, 'l1': 1e-07, 'gate_bias': 1.0}",COMPLETE
1,0.9701029897010299,2026-10-04 20:53:52.805236,2026-10-04 20:54:04.954591,0 days 00:00:12.149355,1.5919509051822196,4.570563099801454e-06,0.005061576888752304,0.028057582076672527,,COMPLETE
2,0.9732026797320268,2026-10-04 20:54:05.366096,2026-10-04 20:54:17.306028,0 days 00:00:11.939932,3.1970568746496113,1.9517224641449526e-09,8.62913219007185e-08,0.01025669131543725,,COMPLETE
3,0.9756024397560243,2026-10-04 20:54:17.692053,2026-10-04 20:54:29.100747,0 days 00:00:11.408694,3.819459112971966,1.2674255898937224e-09,0.00017718847354806813,0.07965261308120507,,COMPLETE
4,0.9311068893110689,2026-10-04 20:54:29.510434,2026-10-04 20:54:34.312661,0 days 00:00:04.802227,-0.8995729408793971,8.111941985431926e-09,1.879466824163843e-07,0.2311294500510414,,PRUNED
5,0.9762023797620238,2026-10-04 20:54:34.732232,2026-10-04 20:54:46.266405,0 days 00:00:11.534173,-0.2526251588117485,1.4445251022763057e-07,1.4077923139972383e-05,0.020298058052421523,,COMPLETE
6,0.9759024097590241,2026-10-04 20:54:46.689891,2026-10-04 20:54:58.309438,0 days 00:00:11.619547,0.19817105976215021,2.8888383623653223e-08,6.870101665590006e-08,0.08369042894376064,,COMPLETE
7,0.978002199780022,2026-10-04 20:54:58.680360,2026-10-04 20:55:10.214253,0 days 00:00:11.533893,1.0854066304816694,9.962513222055125e-09,0.0005141096648805752,0.040842279473800806,,COMPLETE
8,0.9649035096490352,2026-10-04 20:55:10.587326,2026-10-04 20:55:14.975391,0 days 00:00:04.388065,-0.9768552578762508,1.0907475835157712e-06,1.8997763474111273e-08,0.0765242606091573,,PRUNED
9,0.9505049495050495,2026-10-04 20:55:15.363492,2026-10-04 20:55:20.463713,0 days 00:00:05.100221,2.8503840886987666,6.732248920775341e-05,0.004935296209402108,0.006746417134006626,,PRUNED
10,0.19318068193180682,2026-10-04 20:55:20.867498,2026-10-04 20:55:25.571934,0 days 00:00:04.704436,-1.8922287463110798,1.4128769873108734e-08,0.00021538517272483987,0.38836769081185185,,PRUNED
11,0.9687031296870313,2026-10-04 20:55:25.988623,2026-10-04 20:55:33.191960,0 days 00:00:07.203337,1.7445011630341918,1.2994411782671267e-07,3.0608312586340182e-06,0.03114498722449431,,PRUNED
