number,value,datetime_start,datetime_complete,duration,params_alpha,params_l1,params_l2,params_lr,system_attrs_fixed_params,state
0,0.9726027397260274,2026-10-04 20:24:26.878943,2026-10-04 20:24:31.025352,0 days 00:00:04.146409,0.9,1e-07,1e-05,0.05,"{'lr': 0.05, 'l2': 1e-05, 'l1': 1e-07, 'alpha': 0.9}",COMPLETE
1,0.9631036896310369,2026-10-04 20:24:31.393298,2026-10-04 20:24:36.338300,0 days 00:00:04.945002,0.793342657256548,4.570563099801454e-06,0.005061576888752304,0.008468008575248327,,COMPLETE
2,0.9637036296370363,2026-10-04 20:24:36.678444,2026-10-04 20:24:41.586756,0 days 00:00:04.908312,0.9244263114297182,1.9517224641449526e-09,8.62913219007185e-08,0.0024348773534554596,,COMPLETE
3,0.9682031796820318,2026-10-04 20:24:41.946453,2026-10-04 20:24:47.897284,0 days 00:00:05.950831,0.9752558275593772,1.2674255898937224e-09,0.00017718847354806813,0.030834348179355788,,COMPLETE
4,0.9761023897610239,2026-10-04 20:24:48.261118,2026-10-04 20:24:53.443357,0 days 00:00:05.182239,0.5898682098281826,8.111941985431926e-09,1.879466824163843e-07,0.11536162338241392,,COMPLETE
5,0.9311068893110689,2026-10-04 20:24:53.806158,2026-10-04 20:24:55.938000,0 days 00:00:02.131842,0.6427022786970406,1.4445251022763057e-07,1.4077923139972383e-05,0.005670807781371429,,PRUNED
6,0.9605039496050395,2026-10-04 20:24:56.280453,2026-10-04 20:24:58.369437,0 days 00:00:02.088984,0.6795173032139089,2.8888383623653223e-08,6.870101665590006e-08,0.032781876533976156,,PRUNED
7,0.9534046595340466,2026-10-04 20:24:58.709609,2026-10-04 20:25:01.063748,0 days 00:00:02.354139,0.7519748748226697,9.962513222055125e-09,0.0005141096648805752,0.013481575603601416,,PRUNED
8,0.9559044095590441,2026-10-04 20:25:01.421123,2026-10-04 20:25:04.390620,0 days 00:00:02.969497,0.5835568206067728,1.0907475835157712e-06,1.8997763474111273e-08,0.029341527565000736,,PRUNED
9,0.9261073892610739,2026-10-04 20:25:04.784945,2026-10-04 20:25:07.056982,0 days 00:00:02.272037,0.896114700577066,6.732248920775341e-05,0.004935296209402108,0.0014492412389916862,,PRUNED
10,0.9472052794720528,2026-10-04 20:25:07.399426,2026-10-04 20:25:09.484687,0 days 00:00:02.085261,0.5088013190512618,1.0737411862173847e-08,7.859109935561005e-07,0.2646152456185192,,PRUNED
11,0.9616038396160383,2026-10-04 20:25:09.846684,2026-10-04 20:25:11.770432,0 days 00:00:01.923748,0.8159424914449146,1.2994411782671267e-07,2.7038222986501876e-06,0.14253827169324468,,PRUNED
