number,value,datetime_start,datetime_complete,duration,params_eps,params_lr,system_attrs_fixed_params,state
0,0.9785021497850215,2026-10-04 17:28:20.864506,2026-10-04 17:28:24.451122,0 days 00:00:03.586616,0.1,0.05,"{'lr': 0.05, 'eps': 0.1}",COMPLETE
1,0.9726027397260274,2026-10-04 17:28:24.812921,2026-10-04 17:28:28.054422,0 days 00:00:03.241501,0.28570714885887566,0.028057582076672527,,COMPLETE
2,0.9761023897610239,2026-10-04 17:28:28.409617,2026-10-04 17:28:31.634733,0 days 00:00:03.225116,0.18361096041714062,0.14553179565665345,,COMPLETE
3,0.9731026897310269,2026-10-04 17:28:31.986182,2026-10-04 17:28:35.388749,0 days 00:00:03.402567,0.055238410897498764,0.01025669131543725,,COMPLETE
4,0.9491050894910509,2026-10-04 17:28:35.745361,2026-10-04 17:28:37.017209,0 days 00:00:01.271848,0.2611910822747312,0.00653336961902664,,PRUNED
5,0.9787021297870213,2026-10-04 17:28:37.378336,2026-10-04 17:28:40.675595,0 days 00:00:03.297259,0.21534104756085318,0.07965261308120507,,COMPLETE
6,0.9447055294470553,2026-10-04 17:28:41.046626,2026-10-04 17:28:42.458996,0 days 00:00:01.412370,0.29127385712697834,0.005497167787383101,,PRUNED
7,0.9418058194180582,2026-10-04 17:28:42.801046,2026-10-04 17:28:44.273299,0 days 00:00:01.472253,0.07157834209670008,0.2311294500510414,,PRUNED
8,0.9614038596140386,2026-10-04 17:28:44.644223,2026-10-04 17:28:46.210271,0 days 00:00:01.566048,0.06318730785749581,0.011551009439226469,,PRUNED
9,0.965003499650035,2026-10-04 17:28:46.575183,2026-10-04 17:28:47.901030,0 days 00:00:01.325847,0.16217936517334897,0.020298058052421523,,PRUNED
10,0.9783021697830216,2026-10-04 17:28:48.249319,2026-10-04 17:28:51.426065,0 days 00:00:03.176746,0.21797088109951035,0.09235592295188491,,COMPLETE
11,0.9792020797920208,2026-10-04 17:28:51.782300,2026-10-04 17:28:55.242464,0 days 00:00:03.460164,0.11436849362761901,0.05933266221575393,,COMPLETE
