number,value,datetime_start,datetime_complete,duration,params_alpha,params_l1,params_l2,params_lr,params_rho,system_attrs_fixed_params,state
0,0.9775022497750225,2026-10-04 20:28:50.983425,2026-10-04 20:28:55.758415,0 days 00:00:04.774990,0.9,1e-07,1e-05,0.0001,0.9,"{'lr': 0.0001, 'l2': 1e-05, 'l1': 1e-07, 'rho': 0.9, 'alpha': 0.9}",COMPLETE
1,0.9693030696930307,2026-10-04 20:28:56.107641,2026-10-04 20:29:00.917903,0 days 00:00:04.810262,0.5702083881990965,4.570563099801454e-06,0.005061576888752304,0.0001025350969016849,0.9167384044184221,,COMPLETE
2,0.9665033496650335,2026-10-04 20:29:01.278075,2026-10-04 20:29:06.649190,0 days 00:00:05.371115,0.8186326600082204,2.142302175774106e-05,2.2310108018679158e-08,2.6364803038431647e-05,0.9172174272899257,,COMPLETE
3,0.9296070392960704,2026-10-04 20:29:07.001318,2026-10-04 20:29:12.296483,0 days 00:00:05.295165,0.5818212352431953,1.4528246637516043e-05,0.006598711072054081,1.1364672700011174e-05,0.8414061265822639,,COMPLETE
4,0.9348065193480652,2026-10-04 20:29:12.628221,2026-10-04 20:29:14.815571,0 days 00:00:02.187350,0.6310531130891188,4.2051564509138706e-07,6.690421166498788e-07,3.1261029103110585e-05,0.8842292786352126,,PRUNED
5,0.9782021797820218,2026-10-04 20:29:15.182387,2026-10-04 20:29:19.783317,0 days 00:00:04.600930,0.7052314928976662,2.8888383623653223e-08,6.870101665590006e-08,0.0004480975918214954,0.87144055944227,,COMPLETE
6,0.9758024197580242,2026-10-04 20:29:20.126341,2026-10-04 20:29:25.033691,0 days 00:00:04.907350,0.520902685723999,3.725393839578888e-07,1.577766363058244e-07,0.0013157287601765638,0.9155208409280983,,COMPLETE
7,0.9597040295970403,2026-10-04 20:29:25.379806,2026-10-04 20:29:27.345185,0 days 00:00:01.965379,0.9345344148835517,2.1147447960615697e-09,1.0547383621352015e-07,0.00043625993625605574,0.9850326797644,,PRUNED
8,0.9598040195980402,2026-10-04 20:29:27.699006,2026-10-04 20:29:29.744923,0 days 00:00:02.045917,0.6980686221828205,3.078651783619621e-09,6.724850206557239e-07,0.0015199881220083974,0.9334254401698706,,PRUNED
9,0.924907509249075,2026-10-04 20:29:30.086678,2026-10-04 20:29:31.951668,0 days 00:00:01.864990,0.6164509917200076,1.4857392806279254e-09,9.355380606452177e-06,2.1348999901951964e-05,0.9773174784053625,,PRUNED
10,0.9421057894210579,2026-10-04 20:29:32.306069,2026-10-04 20:29:34.385013,0 days 00:00:02.078944,0.7615203502828637,3.455183023853754e-08,7.293169423146497e-05,0.0037964079019178233,0.8035025657448899,,PRUNED
11,0.969003099690031,2026-10-04 20:29:34.718398,2026-10-04 20:29:39.358495,0 days 00:00:04.640097,0.9416198512238096,3.4080665870025724e-08,8.187693891007492e-05,0.0001983615550509105,0.8688633371663104,,PRUNED
