number,value,datetime_start,datetime_complete,duration,params_anneal_frac,params_l1,params_l2,params_lr,params_sigma0,system_attrs_fixed_params,state
0,0.9762023797620238,2026-10-04 21:14:25.832527,2026-10-04 21:14:32.231610,0 days 00:00:06.399083,0.6,1e-07,1e-05,0.05,1.5,"{'lr': 0.05, 'l2': 1e-05, 'l1': 1e-07, 'sigma0': 1.5, 'anneal_frac': 0.6}",COMPLETE
1,0.9682031796820318,2026-10-04 21:14:32.584098,2026-10-04 21:14:38.050790,0 days 00:00:05.466692,0.3092130483097056,4.570563099801454e-06,0.005061576888752304,0.028057582076672527,1.9163779073319989,,COMPLETE
2,0.9718028197180282,2026-10-04 21:14:38.395185,2026-10-04 21:14:45.098463,0 days 00:00:06.703278,0.6956508044572318,2.142302175774106e-05,2.2310108018679158e-08,0.010255552094216988,1.923010531706664,,COMPLETE
3,0.9627037296270373,2026-10-04 21:14:45.444734,2026-10-04 21:14:50.945894,0 days 00:00:05.501160,0.32727747704497046,1.4528246637516043e-05,0.006598711072054081,0.005497167787383101,0.8733155988313457,,COMPLETE
4,0.9746025397460254,2026-10-04 21:14:51.286802,2026-10-04 21:14:57.362880,0 days 00:00:06.076078,0.40386039813862934,4.2051564509138706e-07,6.690421166498788e-07,0.011635338541918906,1.4662515503337126,,COMPLETE
5,0.9767023297670233,2026-10-04 21:14:57.701964,2026-10-04 21:15:03.808657,0 days 00:00:06.106693,0.5192489889519252,2.8888383623653223e-08,6.870101665590006e-08,0.08369042894376064,1.2891769768929677,,COMPLETE
6,0.9316068393160684,2026-10-04 21:15:04.159159,2026-10-04 21:15:06.908520,0 days 00:00:02.749361,0.23251528890399842,3.725393839578888e-07,1.577766363058244e-07,0.18591820902866033,1.8995193359275149,,PRUNED
7,0.9025097490250975,2026-10-04 21:15:07.261031,2026-10-04 21:15:10.199217,0 days 00:00:02.938186,0.8759424231521915,2.1147447960615697e-09,1.0547383621352015e-07,0.08204643365323959,2.8619909505839995,,PRUNED
8,0.8689131086891311,2026-10-04 21:15:10.549225,2026-10-04 21:15:13.638096,0 days 00:00:03.088871,0.5081067456177208,3.078651783619621e-09,6.724850206557239e-07,0.20690200562805067,2.1474291715828238,,PRUNED
9,0.9313068693130687,2026-10-04 21:15:13.995778,2026-10-04 21:15:17.093862,0 days 00:00:03.098084,0.38114598712001185,1.4857392806279254e-09,9.355380606452177e-06,0.008770946743725395,2.7551650856127115,,PRUNED
10,0.11358864113588642,2026-10-04 21:15:17.444847,2026-10-04 21:15:20.137286,0 days 00:00:02.692439,0.7315176825170517,3.455183023853754e-08,7.293169423146497e-05,0.4077047066560713,0.34849706416001425,,PRUNED
11,0.9782021797820218,2026-10-04 21:15:20.497208,2026-10-04 21:15:26.607704,0 days 00:00:06.110496,0.5799150912870286,3.4080665870025724e-08,8.187693891007492e-05,0.04547458516365309,1.2230519020533517,,COMPLETE
