number,value,datetime_start,datetime_complete,duration,params_l1,params_l2,params_lr,system_attrs_fixed_params,state
0,0.9772022797720228,2026-10-04 20:48:47.319485,2026-10-04 20:48:54.702756,0 days 00:00:07.383271,1e-07,1e-05,0.05,"{'lr': 0.05, 'l2': 1e-05, 'l1': 1e-07}",COMPLETE
1,0.9721027897210279,2026-10-04 20:48:55.136791,2026-10-04 20:49:02.604807,0 days 00:00:07.468016,4.570563099801454e-06,0.005061576888752304,0.028057582076672527,,COMPLETE
2,0.975002499750025,2026-10-04 20:49:03.028629,2026-10-04 20:49:10.095809,0 days 00:00:07.067180,6.0252157362038635e-09,8.632008168602522e-08,0.07875660249889861,,COMPLETE
3,0.9692030796920308,2026-10-04 20:49:10.523599,2026-10-04 20:49:17.560212,0 days 00:00:07.036613,1.0129197956845748e-06,0.0015741890047456662,0.00653336961902664,,COMPLETE
4,0.9483051694830517,2026-10-04 20:49:17.985577,2026-10-04 20:49:20.889584,0 days 00:00:02.904007,7.072114131472238e-05,1.328944872286916e-08,0.1303512379185383,,PRUNED
5,0.11238876112388761,2026-10-04 20:49:21.277212,2026-10-04 20:49:23.897183,0 days 00:00:02.619971,8.111941985431926e-09,1.879466824163843e-07,0.2311294500510414,,PRUNED
6,0.9604039596040396,2026-10-04 20:49:24.290669,2026-10-04 20:49:27.031172,0 days 00:00:02.740503,4.2051564509138706e-07,6.690421166498788e-07,0.011635338541918906,,PRUNED
7,0.9767023297670233,2026-10-04 20:49:27.460808,2026-10-04 20:49:34.244216,0 days 00:00:06.783408,1.146210740342504e-06,5.589524205217922e-07,0.03654769917956455,,COMPLETE
8,0.9578042195780422,2026-10-04 20:49:34.627414,2026-10-04 20:49:37.412845,0 days 00:00:02.785431,6.789053271698485e-08,5.660670699258882e-07,0.009505122659935179,,PRUNED
9,0.9776022397760225,2026-10-04 20:49:37.792523,2026-10-04 20:49:44.796056,0 days 00:00:07.003533,9.962513222055125e-09,0.0005141096648805752,0.040842279473800806,,COMPLETE
10,0.10978902109789021,2026-10-04 20:49:45.220386,2026-10-04 20:49:48.127728,0 days 00:00:02.907342,1.0907785690006127e-09,0.00015821587577190854,0.38836769081185185,,PRUNED
11,0.9639036096390361,2026-10-04 20:49:48.532318,2026-10-04 20:49:51.570545,0 days 00:00:03.038227,4.531092068852815e-08,2.4755889988702878e-05,0.022085755248800708,,PRUNED
