number,value,datetime_start,datetime_complete,duration,params_l1,params_l2,params_lr,params_out_weight_scale,params_strength,system_attrs_fixed_params,state
0,0.9755024497550245,2026-10-04 20:50:23.781489,2026-10-04 20:50:31.082584,0 days 00:00:07.301095,1e-07,1e-05,0.05,0.1,1.0,"{'lr': 0.05, 'l2': 1e-05, 'l1': 1e-07, 'strength': 1.0, 'out_weight_scale': 0.1}",COMPLETE
1,0.9719028097190281,2026-10-04 20:50:31.472626,2026-10-04 20:50:38.291182,0 days 00:00:06.818556,4.570563099801454e-06,0.005061576888752304,0.028057582076672527,0.020513382630874502,0.5986584841970366,,COMPLETE
2,0.9728027197280272,2026-10-04 20:50:38.671289,2026-10-04 20:50:45.535925,0 days 00:00:06.864636,2.142302175774106e-05,2.2310108018679158e-08,0.010255552094216988,0.2607024758370766,0.6011150117432088,,COMPLETE
3,0.9614038596140386,2026-10-04 20:50:45.941848,2026-10-04 20:50:52.865639,0 days 00:00:06.923791,1.4528246637516043e-05,0.006598711072054081,0.005497167787383101,0.02310201887845294,0.21233911067827616,,COMPLETE
4,0.9565043495650435,2026-10-04 20:50:53.284411,2026-10-04 20:50:55.984893,0 days 00:00:02.700482,4.2051564509138706e-07,6.690421166498788e-07,0.011635338541918906,0.038234752246751866,0.43194501864211576,,PRUNED
5,0.9708029197080292,2026-10-04 20:50:56.415436,2026-10-04 20:51:03.232430,0 days 00:00:06.816994,2.8888383623653223e-08,6.870101665590006e-08,0.08369042894376064,0.08168455894760163,0.3663618432936917,,COMPLETE
6,0.9503049695030497,2026-10-04 20:51:03.637839,2026-10-04 20:51:06.328529,0 days 00:00:02.690690,3.725393839578888e-07,1.577766363058244e-07,0.18591820902866033,0.012385137298860933,0.5924145688620425,,PRUNED
7,0.9728027197280272,2026-10-04 20:51:06.717561,2026-10-04 20:51:13.876969,0 days 00:00:07.159408,2.1147447960615697e-09,1.0547383621352015e-07,0.08204643365323959,0.8536189862866826,0.9488855372533332,,COMPLETE
8,0.939006099390061,2026-10-04 20:51:14.301662,2026-10-04 20:51:17.135445,0 days 00:00:02.833783,3.078651783619621e-09,6.724850206557239e-07,0.20690200562805067,0.07591104805282695,0.6842330265121569,,PRUNED
9,0.953004699530047,2026-10-04 20:51:17.531059,2026-10-04 20:51:20.443619,0 days 00:00:02.912560,1.4857392806279254e-09,9.355380606452177e-06,0.008770946743725395,0.032927591344236166,0.9093204020787821,,PRUNED
10,0.9761023897610239,2026-10-04 20:51:20.840051,2026-10-04 20:51:27.824670,0 days 00:00:06.984619,3.846855295864764e-08,0.00017250508907842597,0.026199203362537414,0.2693637964282293,0.01796187561481999,,COMPLETE
11,0.9759024097590241,2026-10-04 20:51:28.246114,2026-10-04 20:51:35.084859,0 days 00:00:06.838745,4.20317115951854e-08,0.0001567510304592107,0.029101203688718658,0.2382330238580326,0.08558506840798887,,COMPLETE
