number,value,datetime_start,datetime_complete,duration,params_lr,system_attrs_fixed_params,state
0,0.9772022797720228,2026-10-04 17:19:03.861080,2026-10-04 17:19:06.946335,0 days 00:00:03.085255,0.05,{'lr': 0.05},COMPLETE
1,0.9763023697630236,2026-10-04 17:19:07.298996,2026-10-04 17:19:10.496545,0 days 00:00:03.197549,0.028057582076672527,,COMPLETE
2,0.09929007099290071,2026-10-04 17:19:10.850290,2026-10-04 17:19:13.834029,0 days 00:00:02.983739,0.3984727409321965,,COMPLETE
3,0.9633036696330367,2026-10-04 17:19:14.196140,2026-10-04 17:19:17.194351,0 days 00:00:02.998211,0.14553179565665345,,COMPLETE
4,0.9728027197280272,2026-10-04 17:19:17.554822,2026-10-04 17:19:20.931121,0 days 00:00:03.376299,0.07875660249889861,,COMPLETE
5,0.9576042395760423,2026-10-04 17:19:21.277346,2026-10-04 17:19:22.559567,0 days 00:00:01.282221,0.01025669131543725,,PRUNED
6,0.958004199580042,2026-10-04 17:19:22.909062,2026-10-04 17:19:24.187679,0 days 00:00:01.278617,0.010255552094216988,,PRUNED
7,0.9534046595340466,2026-10-04 17:19:24.544101,2026-10-04 17:19:25.815366,0 days 00:00:01.271265,0.00653336961902664,,PRUNED
8,0.11238876112388761,2026-10-04 17:19:26.187802,2026-10-04 17:19:27.477312,0 days 00:00:01.289510,0.2699742204893715,,PRUNED
9,0.9762023797620238,2026-10-04 17:19:27.819317,2026-10-04 17:19:30.912261,0 days 00:00:03.092944,0.07965261308120507,,COMPLETE
10,0.9769023097690231,2026-10-04 17:19:31.260990,2026-10-04 17:19:34.480298,0 days 00:00:03.219308,0.026199203362537414,,COMPLETE
11,0.9767023297670233,2026-10-04 17:19:34.840892,2026-10-04 17:19:37.793953,0 days 00:00:02.953061,0.026920020357801486,,COMPLETE
