number,value,datetime_start,datetime_complete,duration,params_l1,params_l2,params_lr,params_pre_frac,params_pre_lr,system_attrs_fixed_params,state
0,0.9702029797020298,2026-10-04 20:57:51.433776,2026-10-04 20:57:55.592569,0 days 00:00:04.158793,1e-07,1e-05,0.05,0.3,0.05,"{'lr': 0.05, 'l2': 1e-05, 'l1': 1e-07, 'pre_frac': 0.3, 'pre_lr': 0.05}",COMPLETE
1,0.9604039596040396,2026-10-04 20:57:55.922855,2026-10-04 20:57:59.910533,0 days 00:00:03.987678,4.570563099801454e-06,0.005061576888752304,0.028057582076672527,0.3993292420985183,0.00889039845957559,,COMPLETE
2,0.9668033196680332,2026-10-04 20:58:00.267924,2026-10-04 20:58:04.176059,0 days 00:00:03.908135,2.142302175774106e-05,2.2310108018679158e-08,0.010255552094216988,0.40055750587160444,0.06813099824138592,,COMPLETE
3,0.9602039796020398,2026-10-04 20:58:04.532261,2026-10-04 20:58:08.686128,0 days 00:00:04.153867,1.4528246637516043e-05,0.006598711072054081,0.005497167787383101,0.20616955533913808,0.009778325945801386,,COMPLETE
4,0.9682031796820318,2026-10-04 20:58:09.033183,2026-10-04 20:58:13.132347,0 days 00:00:04.099164,4.2051564509138706e-07,6.690421166498788e-07,0.011635338541918906,0.3159725093210579,0.014639847680621753,,COMPLETE
5,0.9585041495850415,2026-10-04 20:58:13.477141,2026-10-04 20:58:16.115423,0 days 00:00:02.638282,2.8888383623653223e-08,6.870101665590006e-08,0.08369042894376064,0.28318092164684583,0.02689189948444278,,PRUNED
6,0.9435056494350565,2026-10-04 20:58:16.479453,2026-10-04 20:58:19.746892,0 days 00:00:03.267439,3.725393839578888e-07,1.577766363058244e-07,0.18591820902866033,0.39620728443102127,0.005934530307791968,,PRUNED
7,0.9563043695630437,2026-10-04 20:58:20.087811,2026-10-04 20:58:24.038579,0 days 00:00:03.950768,2.1147447960615697e-09,1.0547383621352015e-07,0.08204643365323959,0.5744427686266667,0.17618561667189314,,PRUNED
8,0.11238876112388761,2026-10-04 20:58:24.389029,2026-10-04 20:58:28.054045,0 days 00:00:03.665016,3.078651783619621e-09,6.724850206557239e-07,0.20690200562805067,0.4421165132560785,0.02535833323575963,,PRUNED
9,0.9588041195880412,2026-10-04 20:58:28.411330,2026-10-04 20:58:32.464254,0 days 00:00:04.052924,1.4857392806279254e-09,9.355380606452177e-06,0.008770946743725395,0.5546602010393911,0.012988262560967663,,PRUNED
10,0.9742025797420258,2026-10-04 20:58:32.823641,2026-10-04 20:58:37.421473,0 days 00:00:04.597832,3.846855295864764e-08,0.00017250508907842597,0.026199203362537414,0.10898093780741006,0.06993822840294987,,COMPLETE
11,0.9748025197480252,2026-10-04 20:58:37.767925,2026-10-04 20:58:41.808555,0 days 00:00:04.040630,4.20317115951854e-08,0.0001567510304592107,0.029101203688718658,0.1345916866342367,0.07619737057245343,,COMPLETE
