number,value,datetime_start,datetime_complete,duration,params_aux_weight,params_depth,params_l1,params_l2,params_lr,system_attrs_fixed_params,state
0,0.9774022597740226,2026-10-04 21:10:34.015958,2026-10-04 21:10:47.268527,0 days 00:00:13.252569,0.3,6,1e-07,1e-05,0.05,"{'lr': 0.05, 'l2': 1e-05, 'l1': 1e-07, 'depth': 6, 'aux_weight': 0.3}",COMPLETE
1,0.9631036896310369,2026-10-04 21:10:47.642259,2026-10-04 21:11:02.902903,0 days 00:00:15.260644,0.020513382630874502,7,4.570563099801454e-06,0.005061576888752304,0.028057582076672527,,COMPLETE
2,0.9753024697530247,2026-10-04 21:11:03.256676,2026-10-04 21:11:18.935178,0 days 00:00:15.678502,0.2607024758370766,7,2.142302175774106e-05,2.2310108018679158e-08,0.010255552094216988,,COMPLETE
3,0.9657034296570343,2026-10-04 21:11:19.287930,2026-10-04 21:11:29.005483,0 days 00:00:09.717553,0.02310201887845294,4,1.4528246637516043e-05,0.006598711072054081,0.005497167787383101,,COMPLETE
4,0.9727027297270273,2026-10-04 21:11:29.371680,2026-10-04 21:11:43.122728,0 days 00:00:13.751048,0.038234752246751866,6,4.2051564509138706e-07,6.690421166498788e-07,0.011635338541918906,,COMPLETE
5,0.9518048195180482,2026-10-04 21:11:43.472070,2026-10-04 21:11:48.074597,0 days 00:00:04.602527,0.08168455894760163,5,2.8888383623653223e-08,6.870101665590006e-08,0.08369042894376064,,PRUNED
6,,2026-10-04 21:11:48.422785,2026-10-04 21:11:48.671241,0 days 00:00:00.248456,0.012385137298860933,7,3.725393839578888e-07,1.577766363058244e-07,0.18591820902866033,,PRUNED
7,0.9583041695830417,2026-10-04 21:11:49.029088,2026-10-04 21:11:57.662335,0 days 00:00:08.633247,0.8536189862866826,10,2.1147447960615697e-09,1.0547383621352015e-07,0.08204643365323959,,PRUNED
8,,2026-10-04 21:11:58.020787,2026-10-04 21:11:58.258403,0 days 00:00:00.237616,0.07591104805282695,8,3.078651783619621e-09,6.724850206557239e-07,0.20690200562805067,,PRUNED
9,0.9662033796620338,2026-10-04 21:11:58.609481,2026-10-04 21:12:11.560211,0 days 00:00:12.950730,0.032927591344236166,10,1.4857392806279254e-09,9.355380606452177e-06,0.008770946743725395,,PRUNED
10,0.9752024797520248,2026-10-04 21:12:11.906348,2026-10-04 21:12:19.672220,0 days 00:00:07.765872,0.31625995880213253,3,3.846855295864764e-08,0.00017250508907842597,0.026199203362537414,,COMPLETE
11,0.9703029697030296,2026-10-04 21:12:20.035721,2026-10-04 21:12:37.867222,0 days 00:00:17.831501,0.2980828629037449,8,6.621812164034798e-05,1.2404201083947842e-08,0.02224503791321956,,PRUNED
