number,value,datetime_start,datetime_complete,duration,params_lr,system_attrs_fixed_params,state
0,0.9809019098090191,2026-10-04 17:35:24.080247,2026-10-04 17:35:32.718005,0 days 00:00:08.637758,0.05,{'lr': 0.05},COMPLETE
1,0.9785021497850215,2026-10-04 17:35:33.073445,2026-10-04 17:35:41.551651,0 days 00:00:08.478206,0.028057582076672527,,COMPLETE
2,,2026-10-04 17:35:41.900407,2026-10-04 17:35:42.076745,0 days 00:00:00.176338,0.3984727409321965,,PRUNED
3,0.9744025597440256,2026-10-04 17:35:42.477320,2026-10-04 17:35:51.161187,0 days 00:00:08.683867,0.14553179565665345,,COMPLETE
4,0.9807019298070193,2026-10-04 17:35:51.533303,2026-10-04 17:36:00.299249,0 days 00:00:08.765946,0.07875660249889861,,COMPLETE
5,0.9683031696830317,2026-10-04 17:36:00.655173,2026-10-04 17:36:04.376713,0 days 00:00:03.721540,0.01025669131543725,,PRUNED
6,0.9669033096690332,2026-10-04 17:36:04.746497,2026-10-04 17:36:08.183498,0 days 00:00:03.437001,0.010255552094216988,,PRUNED
7,0.9616038396160383,2026-10-04 17:36:08.559579,2026-10-04 17:36:12.112685,0 days 00:00:03.553106,0.00653336961902664,,PRUNED
8,,2026-10-04 17:36:12.489960,2026-10-04 17:36:12.782075,0 days 00:00:00.292115,0.2699742204893715,,PRUNED
9,0.9751024897510249,2026-10-04 17:36:13.196922,2026-10-04 17:36:17.421954,0 days 00:00:04.225032,0.07965261308120507,,PRUNED
10,0.9727027297270273,2026-10-04 17:36:17.797724,2026-10-04 17:36:21.394801,0 days 00:00:03.597077,0.026199203362537414,,PRUNED
11,0.9755024497550245,2026-10-04 17:36:21.755895,2026-10-04 17:36:28.958525,0 days 00:00:07.202630,0.06556496003936849,,PRUNED
