number,value,datetime_start,datetime_complete,duration,params_l1,params_l2,params_lr,params_v,system_attrs_fixed_params,state
0,0.9762023797620238,2026-10-04 21:01:07.715762,2026-10-04 21:01:12.372622,0 days 00:00:04.656860,1e-07,1e-05,0.05,2.0,"{'lr': 0.05, 'l2': 1e-05, 'l1': 1e-07, 'v': 2.0}",COMPLETE
1,0.9719028097190281,2026-10-04 21:01:12.715882,2026-10-04 21:01:17.803631,0 days 00:00:05.087749,4.570563099801454e-06,0.005061576888752304,0.028057582076672527,1.192617378922354,,COMPLETE
2,0.9738026197380262,2026-10-04 21:01:18.169327,2026-10-04 21:01:22.945849,0 days 00:00:04.776522,1.9517224641449526e-09,8.62913219007185e-08,0.01025669131543725,4.921157869251303,,COMPLETE
3,0.9755024497550245,2026-10-04 21:01:23.292104,2026-10-04 21:01:28.178828,0 days 00:00:04.886724,1.2674255898937224e-09,0.00017718847354806813,0.07965261308120507,8.526320769491553,,COMPLETE
4,0.9771022897710229,2026-10-04 21:01:28.529257,2026-10-04 21:01:33.158336,0 days 00:00:04.629079,8.111941985431926e-09,1.879466824163843e-07,0.2311294500510414,0.13212630287749585,,COMPLETE
5,0.9444055594440556,2026-10-04 21:01:33.487477,2026-10-04 21:01:35.519189,0 days 00:00:02.031712,1.4445251022763057e-07,1.4077923139972383e-05,0.020298058052421523,0.23393596325081012,,PRUNED
6,0.9765023497650235,2026-10-04 21:01:35.846942,2026-10-04 21:01:40.494939,0 days 00:00:04.647997,2.8888383623653223e-08,6.870101665590006e-08,0.08369042894376064,0.34832094907068706,,COMPLETE
7,0.9772022797720228,2026-10-04 21:01:40.831092,2026-10-04 21:01:46.154627,0 days 00:00:05.323535,9.962513222055125e-09,0.0005141096648805752,0.040842279473800806,0.7624982862606782,,COMPLETE
8,0.954004599540046,2026-10-04 21:01:46.510999,2026-10-04 21:01:48.574525,0 days 00:00:02.063526,1.0907475835157712e-06,1.8997763474111273e-08,0.0765242606091573,0.12341022039945063,,PRUNED
9,0.9503049695030497,2026-10-04 21:01:48.900296,2026-10-04 21:01:50.824871,0 days 00:00:01.924575,6.732248920775341e-05,0.004935296209402108,0.006746417134006626,3.6234022591292265,,PRUNED
10,0.9718028197180282,2026-10-04 21:01:51.181306,2026-10-04 21:01:55.220859,0 days 00:00:04.039553,1.4128769873108734e-08,0.00021538517272483987,0.38836769081185185,0.05499216513167975,,PRUNED
11,0.945005499450055,2026-10-04 21:01:55.559846,2026-10-04 21:01:57.346864,0 days 00:00:01.787018,1.1603440263520934e-08,1.1566587955257174e-06,0.28229828872325524,0.5235120348264626,,PRUNED
