number,value,datetime_start,datetime_complete,duration,params_lr,params_p_hidden,params_p_in,system_attrs_fixed_params,state
0,0.9748025197480252,2026-10-04 17:37:37.055714,2026-10-04 17:37:49.826409,0 days 00:00:12.770695,0.05,0.3,0.1,"{'lr': 0.05, 'p_in': 0.1, 'p_hidden': 0.3}",COMPLETE
1,0.961003899610039,2026-10-04 17:37:50.296535,2026-10-04 17:38:02.678705,0 days 00:00:12.382170,0.028057582076672527,0.5123957592679835,0.2852142919229748,,COMPLETE
2,0.9715028497150285,2026-10-04 17:38:03.120816,2026-10-04 17:38:21.775014,0 days 00:00:18.654198,0.07875660249889861,0.10919616423534184,0.04680559213273095,,COMPLETE
3,0.9538046195380462,2026-10-04 17:38:22.130917,2026-10-04 17:38:29.146452,0 days 00:00:07.015535,0.00653336961902664,0.42078050822024615,0.2598528437324805,,COMPLETE
4,0.3658634136586341,2026-10-04 17:38:29.493532,2026-10-04 17:38:32.230796,0 days 00:00:02.737264,0.1303512379185383,0.678936896513396,0.006175348288740734,,PRUNED
5,0.11238876112388761,2026-10-04 17:38:32.589845,2026-10-04 17:38:35.431120,0 days 00:00:02.841275,0.2311294500510414,0.12727747704497042,0.06370173320348284,,PRUNED
6,0.951004899510049,2026-10-04 17:38:35.791284,2026-10-04 17:38:38.514254,0 days 00:00:02.722970,0.011635338541918906,0.3673295021425665,0.09127267288786131,,PRUNED
7,0.9707029297070293,2026-10-04 17:38:38.868636,2026-10-04 17:38:45.769668,0 days 00:00:06.901032,0.03654769917956455,0.42829702630566563,0.08736874205941257,,COMPLETE
8,0.953004699530047,2026-10-04 17:38:46.142300,2026-10-04 17:38:49.000459,0 days 00:00:02.858159,0.009505122659935179,0.25645329030558417,0.08764339456056544,,PRUNED
9,0.9779022097790221,2026-10-04 17:38:49.381072,2026-10-04 17:38:56.661711,0 days 00:00:07.280639,0.040842279473800806,0.1397716475108518,0.23555278841790406,,COMPLETE
10,,2026-10-04 17:38:57.038707,2026-10-04 17:38:57.230767,0 days 00:00:00.192060,0.38836769081185185,0.005283123521405253,0.20243912036453338,,PRUNED
11,0.9735026497350265,2026-10-04 17:38:57.592499,2026-10-04 17:39:07.567669,0 days 00:00:09.975170,0.022085755248800708,0.24070728087911042,0.16582581512311023,,COMPLETE
