number,value,datetime_start,datetime_complete,duration,params_l1,params_l2,params_lr,params_pace_frac,params_start_frac,system_attrs_fixed_params,state
0,0.9693030696930307,2026-10-04 21:15:53.435291,2026-10-04 21:15:58.707066,0 days 00:00:05.271775,1e-07,1e-05,0.05,0.5,0.3,"{'lr': 0.05, 'l2': 1e-05, 'l1': 1e-07, 'start_frac': 0.3, 'pace_frac': 0.5}",COMPLETE
1,0.9673032696730327,2026-10-04 21:15:59.091962,2026-10-04 21:16:03.983810,0 days 00:00:04.891848,4.570563099801454e-06,0.005061576888752304,0.028057582076672527,0.3092130483097056,0.49899386314777744,,COMPLETE
2,0.9542045795420458,2026-10-04 21:16:04.332342,2026-10-04 21:16:09.465683,0 days 00:00:05.133341,2.142302175774106e-05,2.2310108018679158e-08,0.010255552094216988,0.6956508044572318,0.5008362588074067,,COMPLETE
3,0.9502049795020497,2026-10-04 21:16:09.832123,2026-10-04 21:16:14.718458,0 days 00:00:04.886335,1.4528246637516043e-05,0.006598711072054081,0.005497167787383101,0.32727747704497046,0.2092543330087071,,COMPLETE
4,0.8876112388761124,2026-10-04 21:16:15.058306,2026-10-04 21:16:17.596624,0 days 00:00:02.538318,4.2051564509138706e-07,6.690421166498788e-07,0.011635338541918906,0.40386039813862934,0.37395876398158684,,PRUNED
5,0.8881111888811118,2026-10-04 21:16:17.958355,2026-10-04 21:16:20.384825,0 days 00:00:02.426470,2.8888383623653223e-08,6.870101665590006e-08,0.08369042894376064,0.5192489889519252,0.32477138247026877,,PRUNED
6,,2026-10-04 21:16:20.773961,2026-10-04 21:16:21.607479,0 days 00:00:00.833518,3.725393839578888e-07,1.577766363058244e-07,0.18591820902866033,0.23251528890399842,0.4943109266465318,,PRUNED
7,0.922107789221078,2026-10-04 21:16:21.972613,2026-10-04 21:16:25.132128,0 days 00:00:03.159515,2.1147447960615697e-09,1.0547383621352015e-07,0.08204643365323959,0.8759424231521915,0.76166415294,,PRUNED
8,,2026-10-04 21:16:25.495265,2026-10-04 21:16:26.280509,0 days 00:00:00.785244,3.078651783619621e-09,6.724850206557239e-07,0.20690200562805067,0.5081067456177208,0.5631747698841177,,PRUNED
9,0.9651034896510349,2026-10-04 21:16:26.702132,2026-10-04 21:16:31.773157,0 days 00:00:05.071025,1.4857392806279254e-09,9.355380606452177e-06,0.008770946743725395,0.38114598712001185,0.7319903015590866,,COMPLETE
10,0.8511148885111489,2026-10-04 21:16:32.138745,2026-10-04 21:16:34.397959,0 days 00:00:02.259214,3.846855295864764e-08,0.00017250508907842597,0.026199203362537414,0.6808209701744061,0.06347140671111479,,PRUNED
11,0.9724027597240276,2026-10-04 21:16:34.745522,2026-10-04 21:16:39.882846,0 days 00:00:05.137324,2.1105320163542097e-06,9.850687472995661e-05,0.03076078974173495,0.2045458930528508,0.24280939906956817,,COMPLETE
