number,value,datetime_start,datetime_complete,duration,params_gain,params_l1,params_l2,params_lr,system_attrs_fixed_params,state
0,0.9801019898010199,2026-10-04 20:41:10.751088,2026-10-04 20:41:15.490970,0 days 00:00:04.739882,1.0,1e-07,1e-05,0.05,"{'lr': 0.05, 'l2': 1e-05, 'l1': 1e-07, 'gain': 1.0}",COMPLETE
1,0.9717028297170283,2026-10-04 20:41:15.848846,2026-10-04 20:41:20.354877,0 days 00:00:04.506031,1.7362509126983152,4.570563099801454e-06,0.005061576888752304,0.028057582076672527,,COMPLETE
2,0.9715028497150285,2026-10-04 20:41:20.692935,2026-10-04 20:41:25.351982,0 days 00:00:04.659047,3.028342618812816,1.9517224641449526e-09,8.62913219007185e-08,0.01025669131543725,,COMPLETE
3,0.9698030196980302,2026-10-04 20:41:25.701105,2026-10-04 20:41:30.347917,0 days 00:00:04.646812,3.757386581819487,1.2674255898937224e-09,0.00017718847354806813,0.07965261308120507,,COMPLETE
4,0.9353064693530647,2026-10-04 20:41:30.688018,2026-10-04 20:41:32.512159,0 days 00:00:01.824141,0.7321512037592507,8.111941985431926e-09,1.879466824163843e-07,0.2311294500510414,,PRUNED
5,0.9779022097790221,2026-10-04 20:41:32.853851,2026-10-04 20:41:37.584378,0 days 00:00:04.730527,0.9161701225134896,1.4445251022763057e-07,1.4077923139972383e-05,0.020298058052421523,,COMPLETE
6,0.9766023397660234,2026-10-04 20:41:37.942824,2026-10-04 20:41:42.469169,0 days 00:00:04.526345,1.0710943209174388,2.8888383623653223e-08,6.870101665590006e-08,0.08369042894376064,,COMPLETE
7,0.977002299770023,2026-10-04 20:41:42.807024,2026-10-04 20:41:47.547928,0 days 00:00:04.740904,1.4566995183669225,9.962513222055125e-09,0.0005141096648805752,0.040842279473800806,,COMPLETE
8,0.97000299970003,2026-10-04 20:41:47.899711,2026-10-04 20:41:50.616290,0 days 00:00:02.716579,0.7128015460074938,1.0907475835157712e-06,1.8997763474111273e-08,0.0765242606091573,,PRUNED
9,0.9525047495250475,2026-10-04 20:41:50.960464,2026-10-04 20:41:52.779106,0 days 00:00:01.818642,2.6855024624270163,6.732248920775341e-05,0.004935296209402108,0.006746417134006626,,PRUNED
10,0.11238876112388761,2026-10-04 20:41:53.126757,2026-10-04 20:41:55.152479,0 days 00:00:02.025722,0.5190284863958106,1.599329455112412e-07,1.7708555109754176e-06,0.38836769081185185,,PRUNED
11,0.9603039696030397,2026-10-04 20:41:55.499234,2026-10-04 20:41:57.335812,0 days 00:00:01.836578,0.9835566083243095,1.2994411782671267e-07,1.0982755744221534e-05,0.01833719516909963,,PRUNED
