number,value,datetime_start,datetime_complete,duration,params_eps,params_lr,params_mix,system_attrs_fixed_params,state
0,0.9752024797520248,2026-10-04 17:39:39.846534,2026-10-04 17:39:45.938906,0 days 00:00:06.092372,0.1,0.05,0.5,"{'lr': 0.05, 'eps': 0.1, 'mix': 0.5}",COMPLETE
1,0.9726027397260274,2026-10-04 17:39:46.306105,2026-10-04 17:39:52.569481,0 days 00:00:06.263376,0.28570714885887566,0.028057582076672527,0.7391963650868432,,COMPLETE
2,0.9789021097890211,2026-10-04 17:39:52.902042,2026-10-04 17:39:59.503349,0 days 00:00:06.601307,0.055245405728306586,0.07875660249889861,0.3935967122017216,,COMPLETE
3,0.9603039696030397,2026-10-04 17:39:59.864895,2026-10-04 17:40:06.074540,0 days 00:00:06.209645,0.2611910822747312,0.00653336961902664,0.6606690070459253,,COMPLETE
4,0.961003899610039,2026-10-04 17:40:06.422327,2026-10-04 17:40:10.323856,0 days 00:00:03.901529,0.01596950334578271,0.1303512379185383,0.8819459112971966,,PRUNED
5,0.8839116088391161,2026-10-04 17:40:10.678742,2026-10-04 17:40:13.115266,0 days 00:00:02.436524,0.07157834209670008,0.2311294500510414,0.4090949803242604,,PRUNED
6,0.9424057594240576,2026-10-04 17:40:13.467513,2026-10-04 17:40:15.976072,0 days 00:00:02.508559,0.09823025045826593,0.011635338541918906,0.6148538589793427,,PRUNED
7,0.9759024097590241,2026-10-04 17:40:16.348442,2026-10-04 17:40:22.758760,0 days 00:00:06.410318,0.09445645065743215,0.03654769917956455,0.6671117368334277,,COMPLETE
8,0.9376062393760624,2026-10-04 17:40:23.116346,2026-10-04 17:40:25.703341,0 days 00:00:02.586995,0.09472194807521325,0.009505122659935179,0.5198171059762151,,PRUNED
9,0.9497050294970503,2026-10-04 17:40:26.046098,2026-10-04 17:40:28.482607,0 days 00:00:02.436509,0.23770102880397392,0.040842279473800806,0.41980426929501585,,PRUNED
10,0.11238876112388761,2026-10-04 17:40:28.833515,2026-10-04 17:40:31.476465,0 days 00:00:02.642950,0.1839435307845361,0.4037853073616092,0.304528391589776,,PRUNED
11,0.975002499750025,2026-10-04 17:40:31.844638,2026-10-04 17:40:38.131967,0 days 00:00:06.287329,0.01387387754333115,0.10279789317098476,0.7679582012177655,,PRUNED
