number,value,datetime_start,datetime_complete,duration,params_cg_iters,params_damping,params_l1,params_l2,system_attrs_fixed_params,state
0,0.9503049695030497,2026-10-04 20:31:20.201736,2026-10-04 20:31:30.589711,0 days 00:00:10.387975,20,1.0,1e-07,1e-05,"{'l2': 1e-05, 'l1': 1e-07, 'damping': 1.0, 'cg_iters': 20}",COMPLETE
1,0.9535046495350465,2026-10-04 20:31:30.927317,2026-10-04 20:31:41.053029,0 days 00:00:10.125712,26,1.893327030371083,5.6698495114788556e-05,1.7670169402947916e-06,,COMPLETE
2,0.9567043295670433,2026-10-04 20:31:41.414989,2026-10-04 20:31:52.516203,0 days 00:00:11.101214,36,0.001819899369726822,6.0252157362038635e-09,8.632008168602522e-08,,COMPLETE
3,0.9561043895610439,2026-10-04 20:31:52.845942,2026-10-04 20:32:03.375155,0 days 00:00:10.529213,39,0.0012364007986687944,3.470266988650418e-06,4.0428727350273306e-05,,COMPLETE
4,0.7821217878212179,2026-10-04 20:32:03.722499,2026-10-04 20:32:06.793756,0 days 00:00:03.071257,11,0.006517070593249451,1.1526449540315623e-08,0.0009877700294007926,,PRUNED
5,0.5149485051494851,2026-10-04 20:32:07.131268,2026-10-04 20:32:08.574923,0 days 00:00:01.443655,15,0.08587568688597208,4.2051564509138706e-07,6.690421166498788e-07,,PRUNED
6,0.7777222277772223,2026-10-04 20:32:08.901010,2026-10-04 20:32:12.189500,0 days 00:00:03.288490,18,0.02032202659636255,4.982752357076445e-09,4.689400963537693e-05,,PRUNED
7,0.7832216778322167,2026-10-04 20:32:12.532795,2026-10-04 20:32:15.614267,0 days 00:00:03.081472,23,0.007833642249746978,8.431013932082473e-06,5.450293694558252e-06,,PRUNED
8,0.6314368563143685,2026-10-04 20:32:15.938094,2026-10-04 20:32:18.562316,0 days 00:00:02.624222,11,0.5248702648435535,1.7070728830306632e-09,3.5849855803404713e-05,,PRUNED
9,0.20387961203879612,2026-10-04 20:32:18.906659,2026-10-04 20:32:20.243709,0 days 00:00:01.337050,34,21.04998058047481,5.551721685244724e-05,2.4564592152507462e-08,,PRUNED
10,0.5178482151784821,2026-10-04 20:32:20.611308,2026-10-04 20:32:22.191334,0 days 00:00:01.580026,30,0.001080911814416588,6.586252373799867e-08,1.3486627803775215e-08,,PRUNED
11,0.784021597840216,2026-10-04 20:32:22.544685,2026-10-04 20:32:25.618254,0 days 00:00:03.073569,40,0.0011689679007340626,2.2761729799323514e-06,0.0009502159854623282,,PRUNED
