number,value,datetime_start,datetime_complete,duration,params_lr,params_max_norm,system_attrs_fixed_params,state
0,0.973002699730027,2026-10-04 17:21:51.514802,2026-10-04 17:21:55.015608,0 days 00:00:03.500806,0.1,3.0,"{'lr': 0.1, 'max_norm': 3.0}",COMPLETE
1,0.9763023697630236,2026-10-04 17:21:55.374934,2026-10-04 17:21:59.107528,0 days 00:00:03.732594,0.028057582076672527,7.220721098226063,,COMPLETE
2,0.9685031496850315,2026-10-04 17:21:59.457843,2026-10-04 17:22:03.001992,0 days 00:00:03.544149,0.14553179565665345,3.4725018253966304,,COMPLETE
3,0.9728027197280272,2026-10-04 17:22:03.351935,2026-10-04 17:22:06.709174,0 days 00:00:03.357239,0.01025669131543725,1.3831748681407512,,COMPLETE
4,0.9534046595340466,2026-10-04 17:22:07.063456,2026-10-04 17:22:08.638372,0 days 00:00:01.574916,0.00653336961902664,6.056685237625631,,PRUNED
5,0.9762023797620238,2026-10-04 17:22:08.994085,2026-10-04 17:22:12.348094,0 days 00:00:03.354009,0.07965261308120507,4.359666365651393,,COMPLETE
6,0.9505049495050495,2026-10-04 17:22:12.706155,2026-10-04 17:22:14.107196,0 days 00:00:01.401041,0.005497167787383101,7.514773163638975,,PRUNED
7,0.8498150184981502,2026-10-04 17:22:14.469194,2026-10-04 17:22:15.859560,0 days 00:00:01.390366,0.2311294500510414,1.555110754210878,,PRUNED
8,0.9663033696630337,2026-10-04 17:22:16.220582,2026-10-04 17:22:18.440699,0 days 00:00:02.220117,0.011551009439226469,1.4643024075185014,,PRUNED
9,0.9771022897710229,2026-10-04 17:22:18.796180,2026-10-04 17:22:22.139355,0 days 00:00:03.343175,0.020298058052421523,2.9778463062233476,,COMPLETE
10,0.977002299770023,2026-10-04 17:22:22.490710,2026-10-04 17:22:26.058247,0 days 00:00:03.567537,0.029616241595412488,2.130486664026906,,COMPLETE
11,0.9758024197580242,2026-10-04 17:22:26.426955,2026-10-04 17:22:30.093197,0 days 00:00:03.666242,0.026316245346678795,2.0570155133123413,,PRUNED
