number,value,datetime_start,datetime_complete,duration,params_l1,params_l2,params_lr,params_rho1,params_rho2,system_attrs_fixed_params,state
0,0.9724027597240276,2026-10-04 20:30:01.752620,2026-10-04 20:30:06.889962,0 days 00:00:05.137342,1e-07,1e-05,0.001,0.9,0.999,"{'lr': 0.001, 'l2': 1e-05, 'l1': 1e-07, 'rho1': 0.9, 'rho2': 0.999}",COMPLETE
1,0.9701029897010299,2026-10-04 20:30:07.262637,2026-10-04 20:30:11.868127,0 days 00:00:04.605490,4.570563099801454e-06,0.005061576888752304,0.0005611516415334506,0.8897987726295555,0.9915445845403801,,COMPLETE
2,0.9717028297170283,2026-10-04 20:30:12.217472,2026-10-04 20:30:17.407208,0 days 00:00:05.189736,2.142302175774106e-05,2.2310108018679158e-08,0.00020511104188433984,0.8901672517614814,0.9970099185201808,,COMPLETE
3,0.9612038796120388,2026-10-04 20:30:17.755638,2026-10-04 20:30:23.592909,0 days 00:00:05.837271,1.4528246637516043e-05,0.006598711072054081,0.00010994335574766199,0.8318508666017415,0.9918000671753503,,COMPLETE
4,0.9735026497350265,2026-10-04 20:30:23.943779,2026-10-04 20:30:29.177169,0 days 00:00:05.233390,4.2051564509138706e-07,6.690421166498788e-07,0.00023270677083837802,0.8647917527963174,0.9928831684879607,,COMPLETE
5,0.9743025697430256,2026-10-04 20:30:29.544986,2026-10-04 20:30:34.411520,0 days 00:00:04.866534,2.8888383623653223e-08,6.870101665590006e-08,0.0016738085788752138,0.8549542764940538,0.9945150928437486,,COMPLETE
6,0.9707029297070293,2026-10-04 20:30:34.753093,2026-10-04 20:30:39.620884,0 days 00:00:04.867791,3.725393839578888e-07,1.577766363058244e-07,0.0037183641805732083,0.8888621853293064,0.9904598590859279,,PRUNED
7,0.9732026797320268,2026-10-04 20:30:39.964535,2026-10-04 20:30:44.777465,0 days 00:00:04.812930,2.1147447960615697e-09,1.0547383621352015e-07,0.0016409286730647919,0.9423328305879999,0.9995597571274382,,COMPLETE
8,0.9492050794920508,2026-10-04 20:30:45.110838,2026-10-04 20:30:47.415257,0 days 00:00:02.304419,3.078651783619621e-09,6.724850206557239e-07,0.004138040112561018,0.9026349539768235,0.9943575096880221,,PRUNED
9,0.950904909509049,2026-10-04 20:30:47.764740,2026-10-04 20:30:49.869887,0 days 00:00:02.105147,1.4857392806279254e-09,9.355380606452177e-06,0.00017541893487450815,0.9363980603118173,0.9925619218178402,,PRUNED
10,0.9427057294270573,2026-10-04 20:30:50.211522,2026-10-04 20:30:52.281437,0 days 00:00:02.069915,3.455183023853754e-08,7.293169423146497e-05,0.008154094133121428,0.8026942813422231,0.995753447706223,,PRUNED
11,0.9746025397460254,2026-10-04 20:30:52.636315,2026-10-04 20:30:58.021127,0 days 00:00:05.384812,9.90555257959056e-07,1.4861036408534595e-06,0.0004872311972287137,0.8502192764334855,0.9937580820098603,,COMPLETE
