number,value,datetime_start,datetime_complete,duration,params_freeze,params_l1,params_l2,params_lr,params_pre_frac,params_pre_lr,system_attrs_fixed_params,state
0,0.9741025897410259,2026-10-04 21:06:39.781217,2026-10-04 21:06:43.054959,0 days 00:00:03.273742,False,1e-07,1e-05,0.05,0.4,0.05,"{'lr': 0.05, 'l2': 1e-05, 'l1': 1e-07, 'pre_frac': 0.4, 'pre_lr': 0.05, 'freeze': False}",COMPLETE
1,0.9647035296470353,2026-10-04 21:06:43.400471,2026-10-04 21:06:46.922228,0 days 00:00:03.521757,False,4.570563099801454e-06,0.005061576888752304,0.028057582076672527,0.47926216630837004,0.00889039845957559,,COMPLETE
2,0.6222377762223777,2026-10-04 21:06:47.250477,2026-10-04 21:06:50.893450,0 days 00:00:03.642973,False,3.470266988650418e-06,4.0428727350273306e-05,0.2699742204893715,0.16132147186269133,0.17898794163735265,,COMPLETE
3,0.9722027797220278,2026-10-04 21:06:51.233535,2026-10-04 21:06:54.422437,0 days 00:00:03.188902,True,3.3205591037519614e-08,1.2601639723276798e-07,0.011551009439226469,0.4386160373977308,0.02460208061014162,,COMPLETE
4,0.9751024897510249,2026-10-04 21:06:54.779500,2026-10-04 21:06:58.532173,0 days 00:00:03.752673,True,6.789053271698485e-08,5.660670699258882e-07,0.009505122659935179,0.40083849131936977,0.09054594344647797,,COMPLETE
5,0.965003499650035,2026-10-04 21:06:58.897380,2026-10-04 21:07:01.158159,0 days 00:00:02.260779,True,1.0907475835157712e-06,1.8997763474111273e-08,0.0765242606091573,0.24378826802801032,0.006356039080497238,,PRUNED
6,0.942005799420058,2026-10-04 21:07:01.502667,2026-10-04 21:07:04.200945,0 days 00:00:02.698278,True,3.078651783619621e-09,6.724850206557239e-07,0.20690200562805067,0.5263281645816862,0.02535833323575963,,PRUNED
7,0.9662033796620338,2026-10-04 21:07:04.549061,2026-10-04 21:07:07.260986,0 days 00:00:02.711925,True,1.967432802530612e-08,0.0028570800750407216,0.0058579686961535305,0.5143872563946901,0.015788826347222458,,PRUNED
8,0.9734026597340266,2026-10-04 21:07:07.605178,2026-10-04 21:07:10.511354,0 days 00:00:02.906176,True,7.510418138777553e-06,0.006569128640939186,0.011713290529102026,0.666724417860304,0.13568664419006934,,COMPLETE
9,0.9676032396760323,2026-10-04 21:07:10.873954,2026-10-04 21:07:13.296111,0 days 00:00:02.422157,True,1.6832027985721926e-09,1.499329805509153e-07,0.007515450322528414,0.3289316819197954,0.02097269976216845,,PRUNED
10,0.9777022297770223,2026-10-04 21:07:13.637647,2026-10-04 21:07:16.514247,0 days 00:00:02.876600,False,7.041830285016006e-05,0.00015821587577190854,0.02626345067409599,0.628771501876081,0.06993822840294987,,COMPLETE
11,0.9772022797720228,2026-10-04 21:07:16.871353,2026-10-04 21:07:19.857643,0 days 00:00:02.986290,False,5.4301194348482634e-05,0.0002788159150124422,0.023438504972190105,0.697608822892177,0.07077151182382853,,COMPLETE
