number,value,datetime_start,datetime_complete,duration,params_l1,params_l2,params_lr,system_attrs_fixed_params,state
0,0.9772022797720228,2026-10-04 20:20:18.939525,2026-10-04 20:20:22.790187,0 days 00:00:03.850662,1e-07,1e-05,0.05,"{'lr': 0.05, 'l2': 1e-05, 'l1': 1e-07}",COMPLETE
1,0.9721027897210279,2026-10-04 20:20:23.200421,2026-10-04 20:20:27.283027,0 days 00:00:04.082606,4.570563099801454e-06,0.005061576888752304,0.028057582076672527,,COMPLETE
2,0.975002499750025,2026-10-04 20:20:27.618891,2026-10-04 20:20:31.536820,0 days 00:00:03.917929,6.0252157362038635e-09,8.632008168602522e-08,0.07875660249889861,,COMPLETE
3,0.9692030796920308,2026-10-04 20:20:31.861324,2026-10-04 20:20:35.660688,0 days 00:00:03.799364,1.0129197956845748e-06,0.0015741890047456662,0.00653336961902664,,COMPLETE
4,0.9483051694830517,2026-10-04 20:20:35.994340,2026-10-04 20:20:37.505870,0 days 00:00:01.511530,7.072114131472238e-05,1.328944872286916e-08,0.1303512379185383,,PRUNED
5,0.11238876112388761,2026-10-04 20:20:37.844036,2026-10-04 20:20:39.374984,0 days 00:00:01.530948,8.111941985431926e-09,1.879466824163843e-07,0.2311294500510414,,PRUNED
6,0.9604039596040396,2026-10-04 20:20:39.721813,2026-10-04 20:20:41.210950,0 days 00:00:01.489137,4.2051564509138706e-07,6.690421166498788e-07,0.011635338541918906,,PRUNED
7,0.9767023297670233,2026-10-04 20:20:41.552143,2026-10-04 20:20:45.421998,0 days 00:00:03.869855,1.146210740342504e-06,5.589524205217922e-07,0.03654769917956455,,COMPLETE
8,0.9578042195780422,2026-10-04 20:20:45.785360,2026-10-04 20:20:47.512497,0 days 00:00:01.727137,6.789053271698485e-08,5.660670699258882e-07,0.009505122659935179,,PRUNED
9,0.9776022397760225,2026-10-04 20:20:47.857281,2026-10-04 20:20:51.813551,0 days 00:00:03.956270,9.962513222055125e-09,0.0005141096648805752,0.040842279473800806,,COMPLETE
10,0.10978902109789021,2026-10-04 20:20:52.140438,2026-10-04 20:20:54.039353,0 days 00:00:01.898915,1.0907785690006127e-09,0.00015821587577190854,0.38836769081185185,,PRUNED
11,0.9639036096390361,2026-10-04 20:20:54.415136,2026-10-04 20:20:56.294869,0 days 00:00:01.879733,4.531092068852815e-08,2.4755889988702878e-05,0.022085755248800708,,PRUNED
